============================================================
Time  2020/11/10 16:45:27 802 
============================================================
[2020/11/10 16:45:27 802] lgi        684  SYS_MSG_LOAD  
[2020/11/10 16:45:27 804] lgi        706  SYS_MSG_REGCB  msp_status_cb  func(e0013750) 
[2020/11/10 16:45:27 804] lgi        298  LGI_MSG_INIT  
[2020/11/10 16:45:27 804] lgi        305  lgi  lgi_  268436457  1573451739  
[2020/11/10 16:45:27 804] lgi        403  token:  nil  
[2020/11/10 16:45:27 804] lgi        476  msc cver : 5.0.44.1288  
[2020/11/10 16:45:27 805] lgi        519  ns_enable=  1  
[2020/11/10 16:45:27 805] lgi        531  prot_ver=1  
[2020/11/10 16:45:27 805] lgi        542  prot_type=tcp  
[2020/11/10 16:45:27 805] lgi        693  SYS_MSG_UNLOAD  go bg!  
[2020/11/10 16:45:27 807] lgi        697  SYS_MSG_SHUTDOWN  
============================================================
Time  2020/11/10 16:46:23 600 
============================================================
[2020/11/10 16:46:23 600] lgi        684  SYS_MSG_LOAD  
[2020/11/10 16:46:23 601] lgi        706  SYS_MSG_REGCB  msp_status_cb  func(74013750) 
[2020/11/10 16:46:23 601] lgi        298  LGI_MSG_INIT  
[2020/11/10 16:46:23 602] lgi        305  lgi  lgi_  268436457  1573451739  
[2020/11/10 16:46:23 602] lgi        403  token:  nil  
[2020/11/10 16:46:23 602] lgi        476  msc cver : 5.0.44.1288  
[2020/11/10 16:46:23 602] lgi        519  ns_enable=  1  
[2020/11/10 16:46:23 602] lgi        531  prot_ver=1  
[2020/11/10 16:46:23 602] lgi        542  prot_type=tcp  
[2020/11/10 16:46:23 602] lgi        693  SYS_MSG_UNLOAD  go bg!  
[2020/11/10 16:46:23 909] lgi        697  SYS_MSG_SHUTDOWN  
============================================================
Time  2020/11/12 16:17:27 103 
============================================================
[2020/11/12 16:17:27 103] lgi        684  SYS_MSG_LOAD  
[2020/11/12 16:17:27 103] lgi        706  SYS_MSG_REGCB  msp_status_cb  func(8c013960) 
[2020/11/12 16:17:27 103] lgi        298  LGI_MSG_INIT  
[2020/11/12 16:17:27 103] lgi        305  lgi  lgi_  268436457  1573451739  
[2020/11/12 16:17:27 103] lgi        403  token:  nil  
[2020/11/12 16:17:27 103] lgi        476  msc cver : 5.0.44.1288  
[2020/11/12 16:17:27 103] lgi        519  ns_enable=  1  
[2020/11/12 16:17:27 103] lgi        531  prot_ver=1  
[2020/11/12 16:17:27 103] lgi        542  prot_type=tcp  
[2020/11/12 16:17:27 104] lgi        693  SYS_MSG_UNLOAD  go bg!  
[2020/11/12 16:17:27 104] lgi        697  SYS_MSG_SHUTDOWN  
