============================================================
Time  2020/11/10 16:45:27 789 
============================================================
[2020/11/10 16:45:27 790][Px9a9][Tx5b06b80][DBG] MSPTHREAD  MSPThreadP 734  POST socket_main_0:1:1:0
[2020/11/10 16:45:27 790][Px9a9][Tx3dd7700][DBG] MSPTHREAD  MSPThreadP 826  socket_main_0 IDLE
[2020/11/10 16:45:27 790][Px9a9][Tx3dd7700][DBG] MSPTHREAD  MSPThreadP 868  socket_main_0 RUN <socket_main_0>
[2020/11/10 16:45:27 790][Px9a9][Tx5b06b80][DBG] MSPTHREAD  MSPThreadP 734  POST l_engine_1:1:1:0
[2020/11/10 16:45:27 791][Px9a9][Tx2dd5700][DBG] MSPTHREAD  MSPThreadP 826  l_engine_1 IDLE
[2020/11/10 16:45:27 791][Px9a9][Tx2dd5700][DBG] MSPTHREAD  MSPThreadP 868  l_engine_1 RUN <l_engine_1>
[2020/11/10 16:45:27 791][Px9a9][Tx5b06b80][DBG] MSPTHREAD  MSPThreadP 734  POST l_engine_2:1:1:0
[2020/11/10 16:45:27 791][Px9a9][Tx25d4700][DBG] MSPTHREAD  MSPThreadP 826  l_engine_2 IDLE
[2020/11/10 16:45:27 791][Px9a9][Tx25d4700][DBG] MSPTHREAD  MSPThreadP 868  l_engine_2 RUN <l_engine_2>
[2020/11/10 16:45:27 791][Px9a9][Tx5b06b80][DBG] MSPTHREAD  MSPThreadP 734  POST l_engine_3:1:1:0
[2020/11/10 16:45:27 791][Px9a9][Tx1dd3700][DBG] MSPTHREAD  MSPThreadP 826  l_engine_3 IDLE
[2020/11/10 16:45:27 791][Px9a9][Tx1dd3700][DBG] MSPTHREAD  MSPThreadP 868  l_engine_3 RUN <l_engine_3>
[2020/11/10 16:45:27 792][Px9a9][Tx5b06b80][DBG] MSPTHREAD  MSPThreadP 734  POST l_engine_4:1:1:0
[2020/11/10 16:45:27 792][Px9a9][Tx15d2700][DBG] MSPTHREAD  MSPThreadP 826  l_engine_4 IDLE
[2020/11/10 16:45:27 792][Px9a9][Tx15d2700][DBG] MSPTHREAD  MSPThreadP 868  l_engine_4 RUN <l_engine_4>
[2020/11/10 16:45:27 792][Px9a9][Tx5b06b80][DBG] MSPTHREAD  MSPThreadP 734  POST l_engine_5:1:1:0
[2020/11/10 16:45:27 792][Px9a9][Txdd1700][DBG] MSPTHREAD  MSPThreadP 826  l_engine_5 IDLE
[2020/11/10 16:45:27 792][Px9a9][Txdd1700][DBG] MSPTHREAD  MSPThreadP 868  l_engine_5 RUN <l_engine_5>
[2020/11/10 16:45:27 793][Px9a9][Txebfff700][DBG] MSPTHREAD  MSPThreadP 826  l_engine_6 IDLE
[2020/11/10 16:45:27 793][Px9a9][Tx5b06b80][DBG] MSPTHREAD  MSPThreadP 734  POST l_engine_6:1:1:0
[2020/11/10 16:45:27 793][Px9a9][Txebfff700][DBG] MSPTHREAD  MSPThreadP 868  l_engine_6 RUN <l_engine_6>
[2020/11/10 16:45:27 793][Px9a9][Tx5b06b80][TRC] MSPCMN     msp_cmn.c  1300 MSPLogin(0,0,401e3c) [in]
[2020/11/10 16:45:27 793][Px9a9][Tx5b06b80][TRC] LENGINE    leng_shell 109  lEngine_Start(549e0d2,c007930,1, 0) [in]
[2020/11/10 16:45:27 793][Px9a9][Tx5b06b80][INF] LLOADER    lloader.c  327  load lgi
[2020/11/10 16:45:27 793][Px9a9][Tx5b06b80][INF] LLOADER    lloader.c  339  a intalled entry
[2020/11/10 16:45:27 793][Px9a9][Tx5b06b80][INF] LLOADER    lloader.c  365  from rom
[2020/11/10 16:45:27 793][Px9a9][Tx5b06b80][PRF] LLOADER    lloader.c  397  load lgi cost 0 (ms)
[2020/11/10 16:45:27 794][Px9a9][Tx5b06b80][DBG] LENGINE    leng_shell 204  env=17d98a0,lgi,lgi_
[2020/11/10 16:45:27 794][Px9a9][Tx5b06b80][DBG] MSPTHREAD  MSPThreadP 734  POST l_engine_6:6:1:1
[2020/11/10 16:45:27 794][Px9a9][Tx5b06b80][TRC] LENGINE    leng_shell 275  lEngine_Start() [out] 0
[2020/11/10 16:45:27 794][Px9a9][Txebfff700][DBG] LENGINE    leng_main. 565  ENGINE_MSG_LOAD
[2020/11/10 16:45:27 794][Px9a9][Txebfff700][DBG] LENGINE    leng_main. 209  lEngine_LoadEnv(592e300,17d98a0) [in]
[2020/11/10 16:45:27 794][Px9a9][Tx5b06b80][TRC] LENGINE    leng_shell 418  lEngine_SendMessage(17d98a0,1,4,,,) [in]
[2020/11/10 16:45:27 794][Px9a9][Tx5b06b80][DBG] MSPTHREAD  MSPThreadP 734  POST l_engine_6:11:1:0
[2020/11/10 16:45:27 795][Px9a9][Txebfff700][INF] LLOADER    lloader.c  327  load ecode
[2020/11/10 16:45:27 795][Px9a9][Txebfff700][INF] LLOADER    lloader.c  339  a intalled entry
[2020/11/10 16:45:27 795][Px9a9][Txebfff700][INF] LLOADER    lloader.c  365  from rom
[2020/11/10 16:45:27 795][Px9a9][Txebfff700][PRF] LLOADER    lloader.c  397  load ecode cost 0 (ms)
[2020/11/10 16:45:27 796][Px9a9][Txebfff700][INF] LLOADER    lloader.c  327  load config
[2020/11/10 16:45:27 796][Px9a9][Txebfff700][INF] LLOADER    lloader.c  339  a intalled entry
[2020/11/10 16:45:27 796][Px9a9][Txebfff700][INF] LLOADER    lloader.c  365  from rom
[2020/11/10 16:45:27 796][Px9a9][Txebfff700][PRF] LLOADER    lloader.c  397  load config cost 0 (ms)
[2020/11/10 16:45:27 796][Px9a9][Txebfff700][INF] LMOD       luac_logge 172  [config:43:use general cloud  ]
[2020/11/10 16:45:27 796][Px9a9][Txebfff700][INF] LLOADER    lloader.c  327  load update
[2020/11/10 16:45:27 797][Px9a9][Txebfff700][INF] LLOADER    lloader.c  339  a intalled entry
[2020/11/10 16:45:27 797][Px9a9][Txebfff700][INF] LLOADER    lloader.c  365  from rom
[2020/11/10 16:45:27 797][Px9a9][Txebfff700][PRF] LLOADER    lloader.c  397  load update cost 0 (ms)
[2020/11/10 16:45:27 797][Px9a9][Txebfff700][INF] LLOADER    lloader.c  327  load transport
[2020/11/10 16:45:27 797][Px9a9][Txebfff700][INF] LLOADER    lloader.c  339  a intalled entry
[2020/11/10 16:45:27 797][Px9a9][Txebfff700][INF] LLOADER    lloader.c  365  from rom
[2020/11/10 16:45:27 797][Px9a9][Txebfff700][PRF] LLOADER    lloader.c  397  load transport cost 1 (ms)
[2020/11/10 16:45:27 799][Px9a9][Txebfff700][INF] LLOADER    lloader.c  327  load ns
[2020/11/10 16:45:27 799][Px9a9][Txebfff700][INF] LLOADER    lloader.c  339  a intalled entry
[2020/11/10 16:45:27 799][Px9a9][Txebfff700][INF] LLOADER    lloader.c  365  from rom
[2020/11/10 16:45:27 799][Px9a9][Txebfff700][PRF] LLOADER    lloader.c  397  load ns cost 0 (ms)
[2020/11/10 16:45:27 800][Px9a9][Txebfff700][INF] LLOADER    lloader.c  327  load network
[2020/11/10 16:45:27 800][Px9a9][Txebfff700][INF] LLOADER    lloader.c  339  a intalled entry
[2020/11/10 16:45:27 800][Px9a9][Txebfff700][INF] LLOADER    lloader.c  365  from rom
[2020/11/10 16:45:27 800][Px9a9][Txebfff700][PRF] LLOADER    lloader.c  397  load network cost 0 (ms)
[2020/11/10 16:45:27 802][Px9a9][Txebfff700][DBG] LENGINE    leng_main. 263  precall return 0
[2020/11/10 16:45:27 802][Px9a9][Txebfff700][DBG] LENGINE    leng_main. 288  [lgi_], ACTIVE
[2020/11/10 16:45:27 802][Px9a9][Txebfff700][DBG] LENGINE    leng_rpc.c 416  luacRPCFuncProto_Invoke(e0048ee0,17d98a0) [in]
[2020/11/10 16:45:27 802][Px9a9][Txebfff700][TRC] LMOD       luac_logge 170  [lgi:684:SYS_MSG_LOAD  ]
[2020/11/10 16:45:27 802][Px9a9][Txebfff700][INF] LLOADER    lloader.c  327  load dkjson
[2020/11/10 16:45:27 802][Px9a9][Txebfff700][INF] LLOADER    lloader.c  339  a intalled entry
[2020/11/10 16:45:27 802][Px9a9][Txebfff700][INF] LLOADER    lloader.c  365  from rom
[2020/11/10 16:45:27 802][Px9a9][Txebfff700][PRF] LLOADER    lloader.c  397  load dkjson cost 0 (ms)
[2020/11/10 16:45:27 803][Px9a9][Txebfff700][INF] LLOADER    lloader.c  327  load debug
[2020/11/10 16:45:27 803][Px9a9][Txebfff700][ERR] LLOADER    lloader.c  390  not found!
[2020/11/10 16:45:27 803][Px9a9][Txebfff700][DBG] LENGINE    leng_rpc.c 533  luacRPCFuncProto_Invoke() [out] ret = 0
[2020/11/10 16:45:27 804][Px9a9][Txebfff700][DBG] LENGINE    leng_main. 312  [lgi_], loaded
[2020/11/10 16:45:27 804][Px9a9][Txebfff700][DBG] LENGINE    leng_rpc.c 416  luacRPCFuncProto_Invoke(e0048ee0,17d98a0) [in]
[2020/11/10 16:45:27 804][Px9a9][Txebfff700][TRC] LMOD       luac_logge 170  [lgi:706:SYS_MSG_REGCB  msp_status_cb  func(e0013750) ]
[2020/11/10 16:45:27 804][Px9a9][Txebfff700][DBG] LENGINE    leng_rpc.c 533  luacRPCFuncProto_Invoke() [out] ret = 0
[2020/11/10 16:45:27 804][Px9a9][Txebfff700][DBG] LENGINE    leng_main. 345  lEngine_LoadEnv() [out] successfully
[2020/11/10 16:45:27 804][Px9a9][Txebfff700][DBG] LENGINE    leng_main. 571  lgi_, eng = l_engine_6, env = 17d98a0, L = 17d9940
[2020/11/10 16:45:27 804][Px9a9][Txebfff700][INF] LENGINE    leng_main. 572  l_engine_6 occupancy: 1 (33%)
[2020/11/10 16:45:27 804][Px9a9][Txebfff700][DBG] LENGINE    leng_main. 539  ENGINE_MSG_RPC_SYNC
[2020/11/10 16:45:27 804][Px9a9][Txebfff700][DBG] LENGINE    leng_main. 547  [lgi_], stat = 1
[2020/11/10 16:45:27 804][Px9a9][Txebfff700][DBG] LENGINE    leng_rpc.c 416  luacRPCFuncProto_Invoke(17db2f0,17d98a0) [in]
[2020/11/10 16:45:27 804][Px9a9][Txebfff700][TRC] LMOD       luac_logge 170  [lgi:298:LGI_MSG_INIT  ]
[2020/11/10 16:45:27 804][Px9a9][Txebfff700][INF] LMOD       luac_logge 172  [lgi:305:lgi  lgi_  268436457  1573451739  ]
[2020/11/10 16:45:27 804][Px9a9][Txebfff700][TRC] MSPCMN     msp_cmn.c  875  statusCbStub(,,param_num = 5)
[2020/11/10 16:45:27 804][Px9a9][Txebfff700][PRF] LENGINE    leng_main. 189  callc(msp_status_cb) cost 0 ms
[2020/11/10 16:45:27 804][Px9a9][Txebfff700][TRC] LMOD       luac_logge 170  [lgi:403:token:  nil  ]
[2020/11/10 16:45:27 804][Px9a9][Txebfff700][INF] LMOD       luac_logge 172  [lgi:476:msc cver : 5.0.44.1288  ]
[2020/11/10 16:45:27 805][Px9a9][Txebfff700][INF] LMOD       luac_logge 172  [lgi:519:ns_enable=  1  ]
[2020/11/10 16:45:27 805][Px9a9][Txebfff700][INF] LMOD       luac_logge 172  [lgi:531:prot_ver=1  ]
[2020/11/10 16:45:27 805][Px9a9][Txebfff700][INF] LMOD       luac_logge 172  [lgi:542:prot_type=tcp  ]
[2020/11/10 16:45:27 805][Px9a9][Txebfff700][DBG] LENGINE    leng_rpc.c 533  luacRPCFuncProto_Invoke() [out] ret = 0
[2020/11/10 16:45:27 805][Px9a9][Tx5b06b80][TRC] LENGINE    leng_shell 461  lEngine_SendMessage() [out] 0
[2020/11/10 16:45:27 805][Px9a9][Tx5b06b80][TRC] LENGINE    leng_shell 310  lEngine_Stop(17d98a0) [in]
[2020/11/10 16:45:27 805][Px9a9][Tx5b06b80][DBG] MSPTHREAD  MSPThreadP 734  POST l_engine_6:7:1:1
[2020/11/10 16:45:27 805][Px9a9][Txebfff700][DBG] LENGINE    leng_main. 586  ENGINE_MSG_UNLOAD
[2020/11/10 16:45:27 805][Px9a9][Txebfff700][DBG] LENGINE    leng_rpc.c 416  luacRPCFuncProto_Invoke(e0048ee0,17d98a0) [in]
[2020/11/10 16:45:27 805][Px9a9][Txebfff700][TRC] LMOD       luac_logge 170  [lgi:693:SYS_MSG_UNLOAD  go bg!  ]
[2020/11/10 16:45:27 805][Px9a9][Txebfff700][DBG] LENGINE    leng_rpc.c 533  luacRPCFuncProto_Invoke() [out] ret = 0
[2020/11/10 16:45:27 805][Px9a9][Txebfff700][DBG] LENGINE    leng_main. 623  [lgi_] active, go bg!
[2020/11/10 16:45:27 805][Px9a9][Tx5b06b80][TRC] LENGINE    leng_shell 369  lEngine_Stop() [out] 0
[2020/11/10 16:45:27 805][Px9a9][Tx5b06b80][TRC] MSPCMN     msp_cmn.c  1483 MSPLogin() [out] 0
[2020/11/10 16:45:27 805][Px9a9][Tx5b06b80][TRC] MSPCMN     msp_cmn.c  1554 MSPLogout() [in]
[2020/11/10 16:45:27 805][Px9a9][Tx5b06b80][DBG] MSPTHREAD  MSPThreadP 734  POST l_engine_1:5:1:1
[2020/11/10 16:45:27 805][Px9a9][Tx5b06b80][DBG] MSPTHREAD  MSPThreadP 734  POST l_engine_1:2:1:0
[2020/11/10 16:45:27 806][Px9a9][Tx2dd5700][DBG] LENGINE    leng_main. 750  ENGINE_MSG_EXIT
[2020/11/10 16:45:27 806][Px9a9][Tx2dd5700][DBG] MSPTHREAD  MSPThreadP 872  l_engine_1 END <l_engine_1>
[2020/11/10 16:45:27 806][Px9a9][Tx2dd5700][DBG] MSPTHREAD  MSPThreadP 895  l_engine_1 IDLE
[2020/11/10 16:45:27 806][Px9a9][Tx5b06b80][DBG] MSPTHREAD  MSPThreadP 734  POST l_engine_2:5:1:1
[2020/11/10 16:45:27 806][Px9a9][Tx5b06b80][DBG] MSPTHREAD  MSPThreadP 734  POST l_engine_2:2:1:0
[2020/11/10 16:45:27 806][Px9a9][Tx25d4700][DBG] LENGINE    leng_main. 750  ENGINE_MSG_EXIT
[2020/11/10 16:45:27 806][Px9a9][Tx25d4700][DBG] MSPTHREAD  MSPThreadP 872  l_engine_2 END <l_engine_2>
[2020/11/10 16:45:27 806][Px9a9][Tx25d4700][DBG] MSPTHREAD  MSPThreadP 895  l_engine_2 IDLE
[2020/11/10 16:45:27 806][Px9a9][Tx5b06b80][DBG] MSPTHREAD  MSPThreadP 734  POST l_engine_3:5:1:1
[2020/11/10 16:45:27 806][Px9a9][Tx5b06b80][DBG] MSPTHREAD  MSPThreadP 734  POST l_engine_3:2:1:0
[2020/11/10 16:45:27 806][Px9a9][Tx1dd3700][DBG] LENGINE    leng_main. 750  ENGINE_MSG_EXIT
[2020/11/10 16:45:27 806][Px9a9][Tx1dd3700][DBG] MSPTHREAD  MSPThreadP 872  l_engine_3 END <l_engine_3>
[2020/11/10 16:45:27 806][Px9a9][Tx1dd3700][DBG] MSPTHREAD  MSPThreadP 895  l_engine_3 IDLE
[2020/11/10 16:45:27 806][Px9a9][Tx5b06b80][DBG] MSPTHREAD  MSPThreadP 734  POST l_engine_4:5:1:1
[2020/11/10 16:45:27 806][Px9a9][Tx5b06b80][DBG] MSPTHREAD  MSPThreadP 734  POST l_engine_4:2:1:0
[2020/11/10 16:45:27 807][Px9a9][Tx15d2700][DBG] LENGINE    leng_main. 750  ENGINE_MSG_EXIT
[2020/11/10 16:45:27 807][Px9a9][Tx15d2700][DBG] MSPTHREAD  MSPThreadP 872  l_engine_4 END <l_engine_4>
[2020/11/10 16:45:27 807][Px9a9][Tx15d2700][DBG] MSPTHREAD  MSPThreadP 895  l_engine_4 IDLE
[2020/11/10 16:45:27 807][Px9a9][Tx5b06b80][DBG] MSPTHREAD  MSPThreadP 734  POST l_engine_5:5:1:1
[2020/11/10 16:45:27 807][Px9a9][Tx5b06b80][DBG] MSPTHREAD  MSPThreadP 734  POST l_engine_5:2:1:0
[2020/11/10 16:45:27 807][Px9a9][Txdd1700][DBG] LENGINE    leng_main. 750  ENGINE_MSG_EXIT
[2020/11/10 16:45:27 807][Px9a9][Txdd1700][DBG] MSPTHREAD  MSPThreadP 872  l_engine_5 END <l_engine_5>
[2020/11/10 16:45:27 807][Px9a9][Txdd1700][DBG] MSPTHREAD  MSPThreadP 895  l_engine_5 IDLE
[2020/11/10 16:45:27 807][Px9a9][Tx5b06b80][DBG] MSPTHREAD  MSPThreadP 734  POST l_engine_6:5:1:1
[2020/11/10 16:45:27 807][Px9a9][Tx5b06b80][DBG] MSPTHREAD  MSPThreadP 734  POST l_engine_6:2:1:0
[2020/11/10 16:45:27 807][Px9a9][Txebfff700][DBG] LENGINE    leng_main. 750  ENGINE_MSG_EXIT
[2020/11/10 16:45:27 807][Px9a9][Txebfff700][DBG] LENGINE    leng_main. 781  [lgi_] bg, stat = 1
[2020/11/10 16:45:27 807][Px9a9][Txebfff700][DBG] LENGINE    leng_rpc.c 416  luacRPCFuncProto_Invoke(e0048ee0,17d98a0) [in]
[2020/11/10 16:45:27 807][Px9a9][Txebfff700][TRC] LMOD       luac_logge 170  [lgi:697:SYS_MSG_SHUTDOWN  ]
[2020/11/10 16:45:27 807][Px9a9][Txebfff700][DBG] LENGINE    leng_rpc.c 533  luacRPCFuncProto_Invoke() [out] ret = 0
[2020/11/10 16:45:27 808][Px9a9][Txebfff700][DBG] MSPTHREAD  MSPThreadP 872  l_engine_6 END <l_engine_6>
[2020/11/10 16:45:27 808][Px9a9][Txebfff700][DBG] MSPTHREAD  MSPThreadP 895  l_engine_6 IDLE
[2020/11/10 16:45:27 808][Px9a9][Tx5b06b80][TRC] LUAC_CLEAN luac_clean 205  luacCleaner_Stop() [in]
[2020/11/10 16:45:27 808][Px9a9][Tx5b06b80][TRC] LUAC_CLEAN luac_clean 248  luacCleaner_Stop() [out] 0
[2020/11/10 16:45:27 808][Px9a9][Tx5b06b80][DBG] MSPTHREAD  MSPThreadP 734  POST socket_main_0:10:1:1
[2020/11/10 16:45:27 808][Px9a9][Tx5b06b80][DBG] MSPTHREAD  MSPThreadP 734  POST socket_main_0:2:1:0
[2020/11/10 16:45:27 808][Px9a9][Tx3dd7700][TRC] MSPSOCKET  MSPSocket. 1191 EXIT MSG
[2020/11/10 16:45:27 808][Px9a9][Tx3dd7700][DBG] MSPTHREAD  MSPThreadP 872  socket_main_0 END <socket_main_0>
[2020/11/10 16:45:27 808][Px9a9][Tx3dd7700][DBG] MSPTHREAD  MSPThreadP 895  socket_main_0 IDLE
[2020/11/10 16:45:27 808][Px9a9][Tx5b06b80][DBG] MSPTHREAD  MSPThreadP 734  POST l_engine_1:3:1:1
[2020/11/10 16:45:27 809][Px9a9][Tx2dd5700][DBG] MSPTHREAD  MSPThreadP 851  l_engine_1 DEAD
[2020/11/10 16:45:27 809][Px9a9][Tx5b06b80][DBG] MSPTHREAD  MSPThreadP 734  POST l_engine_2:3:1:1
[2020/11/10 16:45:27 809][Px9a9][Tx25d4700][DBG] MSPTHREAD  MSPThreadP 851  l_engine_2 DEAD
[2020/11/10 16:45:27 809][Px9a9][Tx5b06b80][DBG] MSPTHREAD  MSPThreadP 734  POST l_engine_3:3:1:1
[2020/11/10 16:45:27 809][Px9a9][Tx1dd3700][DBG] MSPTHREAD  MSPThreadP 851  l_engine_3 DEAD
[2020/11/10 16:45:27 809][Px9a9][Tx5b06b80][DBG] MSPTHREAD  MSPThreadP 734  POST l_engine_4:3:1:1
[2020/11/10 16:45:27 809][Px9a9][Tx15d2700][DBG] MSPTHREAD  MSPThreadP 851  l_engine_4 DEAD
[2020/11/10 16:45:27 809][Px9a9][Tx5b06b80][DBG] MSPTHREAD  MSPThreadP 734  POST l_engine_5:3:1:1
[2020/11/10 16:45:27 810][Px9a9][Txdd1700][DBG] MSPTHREAD  MSPThreadP 851  l_engine_5 DEAD
[2020/11/10 16:45:27 810][Px9a9][Tx5b06b80][DBG] MSPTHREAD  MSPThreadP 734  POST l_engine_6:3:1:1
[2020/11/10 16:45:27 810][Px9a9][Txebfff700][DBG] MSPTHREAD  MSPThreadP 851  l_engine_6 DEAD
[2020/11/10 16:45:27 810][Px9a9][Tx5b06b80][DBG] MSPTHREAD  MSPThreadP 734  POST socket_main_0:3:1:1
[2020/11/10 16:45:27 810][Px9a9][Tx3dd7700][DBG] MSPTHREAD  MSPThreadP 851  socket_main_0 DEAD
============================================================
Time  2020/11/10 16:46:23 588 
============================================================
[2020/11/10 16:46:23 588][Pxc87][Tx949f2b80][DBG] MSPTHREAD  MSPThreadP 734  POST socket_main_0:1:1:0
[2020/11/10 16:46:23 588][Pxc87][Tx92cc3700][DBG] MSPTHREAD  MSPThreadP 826  socket_main_0 IDLE
[2020/11/10 16:46:23 588][Pxc87][Tx92cc3700][DBG] MSPTHREAD  MSPThreadP 868  socket_main_0 RUN <socket_main_0>
[2020/11/10 16:46:23 588][Pxc87][Tx949f2b80][DBG] MSPTHREAD  MSPThreadP 734  POST l_engine_1:1:1:0
[2020/11/10 16:46:23 589][Pxc87][Tx91cc1700][DBG] MSPTHREAD  MSPThreadP 826  l_engine_1 IDLE
[2020/11/10 16:46:23 589][Pxc87][Tx91cc1700][DBG] MSPTHREAD  MSPThreadP 868  l_engine_1 RUN <l_engine_1>
[2020/11/10 16:46:23 589][Pxc87][Tx949f2b80][DBG] MSPTHREAD  MSPThreadP 734  POST l_engine_2:1:1:0
[2020/11/10 16:46:23 589][Pxc87][Tx914c0700][DBG] MSPTHREAD  MSPThreadP 826  l_engine_2 IDLE
[2020/11/10 16:46:23 589][Pxc87][Tx914c0700][DBG] MSPTHREAD  MSPThreadP 868  l_engine_2 RUN <l_engine_2>
[2020/11/10 16:46:23 589][Pxc87][Tx949f2b80][DBG] MSPTHREAD  MSPThreadP 734  POST l_engine_3:1:1:0
[2020/11/10 16:46:23 589][Pxc87][Tx90cbf700][DBG] MSPTHREAD  MSPThreadP 826  l_engine_3 IDLE
[2020/11/10 16:46:23 590][Pxc87][Tx90cbf700][DBG] MSPTHREAD  MSPThreadP 868  l_engine_3 RUN <l_engine_3>
[2020/11/10 16:46:23 590][Pxc87][Tx949f2b80][DBG] MSPTHREAD  MSPThreadP 734  POST l_engine_4:1:1:0
[2020/11/10 16:46:23 590][Pxc87][Tx83fff700][DBG] MSPTHREAD  MSPThreadP 826  l_engine_4 IDLE
[2020/11/10 16:46:23 590][Pxc87][Tx83fff700][DBG] MSPTHREAD  MSPThreadP 868  l_engine_4 RUN <l_engine_4>
[2020/11/10 16:46:23 590][Pxc87][Tx949f2b80][DBG] MSPTHREAD  MSPThreadP 734  POST l_engine_5:1:1:0
[2020/11/10 16:46:23 590][Pxc87][Tx837fe700][DBG] MSPTHREAD  MSPThreadP 826  l_engine_5 IDLE
[2020/11/10 16:46:23 590][Pxc87][Tx837fe700][DBG] MSPTHREAD  MSPThreadP 868  l_engine_5 RUN <l_engine_5>
[2020/11/10 16:46:23 590][Pxc87][Tx949f2b80][DBG] MSPTHREAD  MSPThreadP 734  POST l_engine_6:1:1:0
[2020/11/10 16:46:23 591][Pxc87][Tx82ffd700][DBG] MSPTHREAD  MSPThreadP 826  l_engine_6 IDLE
[2020/11/10 16:46:23 591][Pxc87][Tx82ffd700][DBG] MSPTHREAD  MSPThreadP 868  l_engine_6 RUN <l_engine_6>
[2020/11/10 16:46:23 591][Pxc87][Tx949f2b80][TRC] MSPCMN     msp_cmn.c  1300 MSPLogin(0,0,401e3c) [in]
[2020/11/10 16:46:23 591][Pxc87][Tx949f2b80][TRC] LENGINE    leng_shell 109  lEngine_Start(9438a0d2,7197bb80,1, 0) [in]
[2020/11/10 16:46:23 591][Pxc87][Tx949f2b80][INF] LLOADER    lloader.c  327  load lgi
[2020/11/10 16:46:23 591][Pxc87][Tx949f2b80][INF] LLOADER    lloader.c  339  a intalled entry
[2020/11/10 16:46:23 591][Pxc87][Tx949f2b80][INF] LLOADER    lloader.c  365  from rom
[2020/11/10 16:46:23 591][Pxc87][Tx949f2b80][PRF] LLOADER    lloader.c  397  load lgi cost 0 (ms)
[2020/11/10 16:46:23 592][Pxc87][Tx949f2b80][DBG] LENGINE    leng_shell 204  env=212a8a0,lgi,lgi_
[2020/11/10 16:46:23 592][Pxc87][Tx949f2b80][DBG] MSPTHREAD  MSPThreadP 734  POST l_engine_6:6:1:1
[2020/11/10 16:46:23 592][Pxc87][Tx949f2b80][TRC] LENGINE    leng_shell 275  lEngine_Start() [out] 0
[2020/11/10 16:46:23 592][Pxc87][Tx82ffd700][DBG] LENGINE    leng_main. 565  ENGINE_MSG_LOAD
[2020/11/10 16:46:23 592][Pxc87][Tx82ffd700][DBG] LENGINE    leng_main. 209  lEngine_LoadEnv(9481a300,212a8a0) [in]
[2020/11/10 16:46:23 592][Pxc87][Tx949f2b80][TRC] LENGINE    leng_shell 418  lEngine_SendMessage(212a8a0,1,4,,,) [in]
[2020/11/10 16:46:23 592][Pxc87][Tx949f2b80][DBG] MSPTHREAD  MSPThreadP 734  POST l_engine_6:11:1:0
[2020/11/10 16:46:23 593][Pxc87][Tx82ffd700][INF] LLOADER    lloader.c  327  load ecode
[2020/11/10 16:46:23 593][Pxc87][Tx82ffd700][INF] LLOADER    lloader.c  339  a intalled entry
[2020/11/10 16:46:23 593][Pxc87][Tx82ffd700][INF] LLOADER    lloader.c  365  from rom
[2020/11/10 16:46:23 593][Pxc87][Tx82ffd700][PRF] LLOADER    lloader.c  397  load ecode cost 0 (ms)
[2020/11/10 16:46:23 594][Pxc87][Tx82ffd700][INF] LLOADER    lloader.c  327  load config
[2020/11/10 16:46:23 594][Pxc87][Tx82ffd700][INF] LLOADER    lloader.c  339  a intalled entry
[2020/11/10 16:46:23 594][Pxc87][Tx82ffd700][INF] LLOADER    lloader.c  365  from rom
[2020/11/10 16:46:23 594][Pxc87][Tx82ffd700][PRF] LLOADER    lloader.c  397  load config cost 1 (ms)
[2020/11/10 16:46:23 594][Pxc87][Tx82ffd700][INF] LMOD       luac_logge 172  [config:43:use general cloud  ]
[2020/11/10 16:46:23 594][Pxc87][Tx82ffd700][INF] LLOADER    lloader.c  327  load update
[2020/11/10 16:46:23 594][Pxc87][Tx82ffd700][INF] LLOADER    lloader.c  339  a intalled entry
[2020/11/10 16:46:23 594][Pxc87][Tx82ffd700][INF] LLOADER    lloader.c  365  from rom
[2020/11/10 16:46:23 594][Pxc87][Tx82ffd700][PRF] LLOADER    lloader.c  397  load update cost 0 (ms)
[2020/11/10 16:46:23 594][Pxc87][Tx82ffd700][INF] LLOADER    lloader.c  327  load transport
[2020/11/10 16:46:23 594][Pxc87][Tx82ffd700][INF] LLOADER    lloader.c  339  a intalled entry
[2020/11/10 16:46:23 594][Pxc87][Tx82ffd700][INF] LLOADER    lloader.c  365  from rom
[2020/11/10 16:46:23 595][Pxc87][Tx82ffd700][PRF] LLOADER    lloader.c  397  load transport cost 0 (ms)
[2020/11/10 16:46:23 596][Pxc87][Tx82ffd700][INF] LLOADER    lloader.c  327  load ns
[2020/11/10 16:46:23 597][Pxc87][Tx82ffd700][INF] LLOADER    lloader.c  339  a intalled entry
[2020/11/10 16:46:23 597][Pxc87][Tx82ffd700][INF] LLOADER    lloader.c  365  from rom
[2020/11/10 16:46:23 597][Pxc87][Tx82ffd700][PRF] LLOADER    lloader.c  397  load ns cost 0 (ms)
[2020/11/10 16:46:23 598][Pxc87][Tx82ffd700][INF] LLOADER    lloader.c  327  load network
[2020/11/10 16:46:23 598][Pxc87][Tx82ffd700][INF] LLOADER    lloader.c  339  a intalled entry
[2020/11/10 16:46:23 598][Pxc87][Tx82ffd700][INF] LLOADER    lloader.c  365  from rom
[2020/11/10 16:46:23 598][Pxc87][Tx82ffd700][PRF] LLOADER    lloader.c  397  load network cost 0 (ms)
[2020/11/10 16:46:23 599][Pxc87][Tx82ffd700][DBG] LENGINE    leng_main. 263  precall return 0
[2020/11/10 16:46:23 599][Pxc87][Tx82ffd700][DBG] LENGINE    leng_main. 288  [lgi_], ACTIVE
[2020/11/10 16:46:23 599][Pxc87][Tx82ffd700][DBG] LENGINE    leng_rpc.c 416  luacRPCFuncProto_Invoke(74048ea0,212a8a0) [in]
[2020/11/10 16:46:23 600][Pxc87][Tx82ffd700][TRC] LMOD       luac_logge 170  [lgi:684:SYS_MSG_LOAD  ]
[2020/11/10 16:46:23 600][Pxc87][Tx82ffd700][INF] LLOADER    lloader.c  327  load dkjson
[2020/11/10 16:46:23 600][Pxc87][Tx82ffd700][INF] LLOADER    lloader.c  339  a intalled entry
[2020/11/10 16:46:23 600][Pxc87][Tx82ffd700][INF] LLOADER    lloader.c  365  from rom
[2020/11/10 16:46:23 600][Pxc87][Tx82ffd700][PRF] LLOADER    lloader.c  397  load dkjson cost 1 (ms)
[2020/11/10 16:46:23 600][Pxc87][Tx82ffd700][INF] LLOADER    lloader.c  327  load debug
[2020/11/10 16:46:23 600][Pxc87][Tx82ffd700][ERR] LLOADER    lloader.c  390  not found!
[2020/11/10 16:46:23 601][Pxc87][Tx82ffd700][DBG] LENGINE    leng_rpc.c 533  luacRPCFuncProto_Invoke() [out] ret = 0
[2020/11/10 16:46:23 601][Pxc87][Tx82ffd700][DBG] LENGINE    leng_main. 312  [lgi_], loaded
[2020/11/10 16:46:23 601][Pxc87][Tx82ffd700][DBG] LENGINE    leng_rpc.c 416  luacRPCFuncProto_Invoke(74048ea0,212a8a0) [in]
[2020/11/10 16:46:23 601][Pxc87][Tx82ffd700][TRC] LMOD       luac_logge 170  [lgi:706:SYS_MSG_REGCB  msp_status_cb  func(74013750) ]
[2020/11/10 16:46:23 601][Pxc87][Tx82ffd700][DBG] LENGINE    leng_rpc.c 533  luacRPCFuncProto_Invoke() [out] ret = 0
[2020/11/10 16:46:23 601][Pxc87][Tx82ffd700][DBG] LENGINE    leng_main. 345  lEngine_LoadEnv() [out] successfully
[2020/11/10 16:46:23 601][Pxc87][Tx82ffd700][DBG] LENGINE    leng_main. 571  lgi_, eng = l_engine_6, env = 212a8a0, L = 212a940
[2020/11/10 16:46:23 601][Pxc87][Tx82ffd700][INF] LENGINE    leng_main. 572  l_engine_6 occupancy: 1 (33%)
[2020/11/10 16:46:23 601][Pxc87][Tx82ffd700][DBG] LENGINE    leng_main. 539  ENGINE_MSG_RPC_SYNC
[2020/11/10 16:46:23 601][Pxc87][Tx82ffd700][DBG] LENGINE    leng_main. 547  [lgi_], stat = 1
[2020/11/10 16:46:23 601][Pxc87][Tx82ffd700][DBG] LENGINE    leng_rpc.c 416  luacRPCFuncProto_Invoke(212c500,212a8a0) [in]
[2020/11/10 16:46:23 601][Pxc87][Tx82ffd700][TRC] LMOD       luac_logge 170  [lgi:298:LGI_MSG_INIT  ]
[2020/11/10 16:46:23 602][Pxc87][Tx82ffd700][INF] LMOD       luac_logge 172  [lgi:305:lgi  lgi_  268436457  1573451739  ]
[2020/11/10 16:46:23 602][Pxc87][Tx82ffd700][TRC] MSPCMN     msp_cmn.c  875  statusCbStub(,,param_num = 5)
[2020/11/10 16:46:23 602][Pxc87][Tx82ffd700][PRF] LENGINE    leng_main. 189  callc(msp_status_cb) cost 0 ms
[2020/11/10 16:46:23 602][Pxc87][Tx82ffd700][TRC] LMOD       luac_logge 170  [lgi:403:token:  nil  ]
[2020/11/10 16:46:23 602][Pxc87][Tx82ffd700][INF] LMOD       luac_logge 172  [lgi:476:msc cver : 5.0.44.1288  ]
[2020/11/10 16:46:23 602][Pxc87][Tx82ffd700][INF] LMOD       luac_logge 172  [lgi:519:ns_enable=  1  ]
[2020/11/10 16:46:23 602][Pxc87][Tx82ffd700][INF] LMOD       luac_logge 172  [lgi:531:prot_ver=1  ]
[2020/11/10 16:46:23 602][Pxc87][Tx82ffd700][INF] LMOD       luac_logge 172  [lgi:542:prot_type=tcp  ]
[2020/11/10 16:46:23 602][Pxc87][Tx82ffd700][DBG] LENGINE    leng_rpc.c 533  luacRPCFuncProto_Invoke() [out] ret = 0
[2020/11/10 16:46:23 602][Pxc87][Tx949f2b80][TRC] LENGINE    leng_shell 461  lEngine_SendMessage() [out] 0
[2020/11/10 16:46:23 602][Pxc87][Tx949f2b80][TRC] LENGINE    leng_shell 310  lEngine_Stop(212a8a0) [in]
[2020/11/10 16:46:23 602][Pxc87][Tx949f2b80][DBG] MSPTHREAD  MSPThreadP 734  POST l_engine_6:7:1:1
[2020/11/10 16:46:23 602][Pxc87][Tx82ffd700][DBG] LENGINE    leng_main. 586  ENGINE_MSG_UNLOAD
[2020/11/10 16:46:23 602][Pxc87][Tx82ffd700][DBG] LENGINE    leng_rpc.c 416  luacRPCFuncProto_Invoke(74048ea0,212a8a0) [in]
[2020/11/10 16:46:23 603][Pxc87][Tx82ffd700][TRC] LMOD       luac_logge 170  [lgi:693:SYS_MSG_UNLOAD  go bg!  ]
[2020/11/10 16:46:23 603][Pxc87][Tx82ffd700][DBG] LENGINE    leng_rpc.c 533  luacRPCFuncProto_Invoke() [out] ret = 0
[2020/11/10 16:46:23 603][Pxc87][Tx82ffd700][DBG] LENGINE    leng_main. 623  [lgi_] active, go bg!
[2020/11/10 16:46:23 603][Pxc87][Tx949f2b80][TRC] LENGINE    leng_shell 369  lEngine_Stop() [out] 0
[2020/11/10 16:46:23 603][Pxc87][Tx949f2b80][TRC] MSPCMN     msp_cmn.c  1483 MSPLogin() [out] 0
[2020/11/10 16:46:23 603][Pxc87][Tx949f2b80][TRC] QISR       qisr.c     917  QISRBuildGrammar(401c54,2134f90,896,7197bbb0) [in]
[2020/11/10 16:46:23 603][Pxc87][Tx949f2b80][TRC] LENGINE    leng_shell 109  lEngine_Start(9438a102,7197baf0,1, 0) [in]
[2020/11/10 16:46:23 603][Pxc87][Tx949f2b80][INF] LLOADER    lloader.c  327  load grm_lex
[2020/11/10 16:46:23 603][Pxc87][Tx949f2b80][INF] LLOADER    lloader.c  339  a intalled entry
[2020/11/10 16:46:23 603][Pxc87][Tx949f2b80][INF] LLOADER    lloader.c  365  from rom
[2020/11/10 16:46:23 603][Pxc87][Tx949f2b80][PRF] LLOADER    lloader.c  397  load grm_lex cost 0 (ms)
[2020/11/10 16:46:23 603][Pxc87][Tx949f2b80][DBG] LENGINE    leng_shell 204  env=2135320,grm_lex,local_grm
[2020/11/10 16:46:23 603][Pxc87][Tx949f2b80][DBG] MSPTHREAD  MSPThreadP 734  POST l_engine_5:6:1:1
[2020/11/10 16:46:23 603][Pxc87][Tx949f2b80][TRC] LENGINE    leng_shell 275  lEngine_Start() [out] 0
[2020/11/10 16:46:23 603][Pxc87][Tx949f2b80][TRC] LENGINE    leng_shell 477  lEngine_RegisterCallBack(2135320,94411df7,9415b910,0,) [in]
[2020/11/10 16:46:23 604][Pxc87][Tx949f2b80][DBG] MSPTHREAD  MSPThreadP 734  POST l_engine_5:8:1:0
[2020/11/10 16:46:23 604][Pxc87][Tx949f2b80][TRC] LENGINE    leng_shell 514  lEngine_RegisterCallBack() [out] 0
[2020/11/10 16:46:23 604][Pxc87][Tx949f2b80][TRC] LENGINE    leng_shell 380  lEngine_PostMessage(2135320,1,3,) [in]
[2020/11/10 16:46:23 604][Pxc87][Tx949f2b80][WAR] LENGINE    leng_shell 390  msg send while not active
[2020/11/10 16:46:23 604][Pxc87][Tx837fe700][DBG] LENGINE    leng_main. 565  ENGINE_MSG_LOAD
[2020/11/10 16:46:23 604][Pxc87][Tx837fe700][DBG] LENGINE    leng_main. 209  lEngine_LoadEnv(9481a2c0,2135320) [in]
[2020/11/10 16:46:23 604][Pxc87][Tx949f2b80][DBG] MSPTHREAD  MSPThreadP 734  POST l_engine_5:10:1:0
[2020/11/10 16:46:23 604][Pxc87][Tx949f2b80][TRC] LENGINE    leng_shell 407  lEngine_PostMessage() [out] 0
[2020/11/10 16:46:23 604][Pxc87][Tx949f2b80][TRC] LENGINE    leng_shell 310  lEngine_Stop(2135320) [in]
[2020/11/10 16:46:23 604][Pxc87][Tx949f2b80][DBG] MSPTHREAD  MSPThreadP 734  POST l_engine_5:7:1:0
[2020/11/10 16:46:23 604][Pxc87][Tx837fe700][INF] LLOADER    lloader.c  327  load ecode
[2020/11/10 16:46:23 605][Pxc87][Tx837fe700][INF] LLOADER    lloader.c  339  a intalled entry
[2020/11/10 16:46:23 605][Pxc87][Tx837fe700][INF] LLOADER    lloader.c  365  from rom
[2020/11/10 16:46:23 605][Pxc87][Tx837fe700][PRF] LLOADER    lloader.c  397  load ecode cost 0 (ms)
[2020/11/10 16:46:23 605][Pxc87][Tx837fe700][DBG] LENGINE    leng_main. 263  precall return 0
[2020/11/10 16:46:23 605][Pxc87][Tx837fe700][DBG] LENGINE    leng_main. 288  [local_grm], ACTIVE
[2020/11/10 16:46:23 605][Pxc87][Tx837fe700][DBG] LENGINE    leng_rpc.c 416  luacRPCFuncProto_Invoke(70013da0,2135320) [in]
[2020/11/10 16:46:23 605][Pxc87][Tx837fe700][TRC] LMOD       luac_logge 170  [grm_lex:264:SYS_MSG_LOAD  ]
[2020/11/10 16:46:23 605][Pxc87][Tx837fe700][DBG] LENGINE    leng_rpc.c 533  luacRPCFuncProto_Invoke() [out] ret = 0
[2020/11/10 16:46:23 605][Pxc87][Tx837fe700][DBG] LENGINE    leng_main. 312  [local_grm], loaded
[2020/11/10 16:46:23 605][Pxc87][Tx837fe700][DBG] LENGINE    leng_rpc.c 416  luacRPCFuncProto_Invoke(70013da0,2135320) [in]
[2020/11/10 16:46:23 606][Pxc87][Tx837fe700][TRC] LMOD       luac_logge 170  [grm_lex:281:SYS_MSG_REGCB  ]
[2020/11/10 16:46:23 606][Pxc87][Tx837fe700][DBG] LENGINE    leng_rpc.c 533  luacRPCFuncProto_Invoke() [out] ret = 0
[2020/11/10 16:46:23 606][Pxc87][Tx837fe700][DBG] LENGINE    leng_main. 345  lEngine_LoadEnv() [out] successfully
[2020/11/10 16:46:23 606][Pxc87][Tx837fe700][DBG] LENGINE    leng_main. 571  local_grm, eng = l_engine_5, env = 2135320, L = 2135440
[2020/11/10 16:46:23 606][Pxc87][Tx837fe700][INF] LENGINE    leng_main. 572  l_engine_5 occupancy: 1 (33%)
[2020/11/10 16:46:23 606][Pxc87][Tx837fe700][DBG] LENGINE    leng_main. 586  ENGINE_MSG_UNLOAD
[2020/11/10 16:46:23 606][Pxc87][Tx837fe700][DBG] LENGINE    leng_rpc.c 416  luacRPCFuncProto_Invoke(70013da0,2135320) [in]
[2020/11/10 16:46:23 606][Pxc87][Tx837fe700][TRC] LMOD       luac_logge 170  [grm_lex:267:SYS_MSG_UNLOAD  ]
[2020/11/10 16:46:23 606][Pxc87][Tx837fe700][DBG] LENGINE    leng_rpc.c 533  luacRPCFuncProto_Invoke() [out] ret = 0
[2020/11/10 16:46:23 606][Pxc87][Tx837fe700][DBG] LENGINE    leng_main. 623  [local_grm] active, go bg!
[2020/11/10 16:46:23 606][Pxc87][Tx837fe700][DBG] LENGINE    leng_main. 690  ENGINE_MSG_REGCB
[2020/11/10 16:46:23 606][Pxc87][Tx837fe700][DBG] LENGINE    leng_main. 715  local_grm (grmMessageCallBackC)
[2020/11/10 16:46:23 606][Pxc87][Tx837fe700][DBG] LENGINE    leng_rpc.c 416  luacRPCFuncProto_Invoke(70013da0,2135320) [in]
[2020/11/10 16:46:23 606][Pxc87][Tx837fe700][TRC] LMOD       luac_logge 170  [grm_lex:281:SYS_MSG_REGCB  ]
[2020/11/10 16:46:23 606][Pxc87][Tx837fe700][DBG] LENGINE    leng_rpc.c 533  luacRPCFuncProto_Invoke() [out] ret = 0
[2020/11/10 16:46:23 606][Pxc87][Tx837fe700][DBG] LENGINE    leng_main. 517  ENGINE_MSG_RPC_ASYNC
[2020/11/10 16:46:23 606][Pxc87][Tx837fe700][DBG] LENGINE    leng_main. 525  [local_grm], stat = 1
[2020/11/10 16:46:23 606][Pxc87][Tx837fe700][DBG] LENGINE    leng_rpc.c 416  luacRPCFuncProto_Invoke(212c500,2135320) [in]
[2020/11/10 16:46:23 606][Pxc87][Tx837fe700][TRC] LMOD       luac_logge 170  [grm_lex:251:ISR_MSG_BUILDGRAMMAR  ]
[2020/11/10 16:46:23 606][Pxc87][Tx949f2b80][TRC] LENGINE    leng_shell 369  lEngine_Stop() [out] 0
[2020/11/10 16:46:23 606][Pxc87][Tx949f2b80][TRC] QISR       qisr.c     998  QISRBuildGrammar() [out] 0
[2020/11/10 16:46:23 606][Pxc87][Tx837fe700][TRC] LMOD       luac_logge 170  [grm_lex:100:grm_type :  bnf  ]
[2020/11/10 16:46:23 607][Pxc87][Tx837fe700][TRC] LMOD       luac_logge 170  [grm_lex:106:engine_type  :  local  ]
[2020/11/10 16:46:23 607][Pxc87][Tx837fe700][TRC] LMOD       luac_logge 170  [grm_lex:106:asr_res_path  :  fo|res/asr/common.jet  ]
[2020/11/10 16:46:23 607][Pxc87][Tx837fe700][TRC] LMOD       luac_logge 170  [grm_lex:106:sample_rate  :  16000  ]
[2020/11/10 16:46:23 607][Pxc87][Tx837fe700][TRC] LMOD       luac_logge 170  [grm_lex:106:grm_build_path  :  res/asr/GrmBuilld  ]
[2020/11/10 16:46:23 607][Pxc87][Tx837fe700][TRC] LENGINE    leng_shell 109  lEngine_Start(7000a798,70014cf8,0, 0) [in]
[2020/11/10 16:46:23 607][Pxc87][Tx837fe700][INF] LLOADER    lloader.c  327  load isr_local
[2020/11/10 16:46:23 607][Pxc87][Tx837fe700][INF] LLOADER    lloader.c  339  a intalled entry
[2020/11/10 16:46:23 607][Pxc87][Tx837fe700][INF] LLOADER    lloader.c  365  from rom
[2020/11/10 16:46:23 607][Pxc87][Tx837fe700][PRF] LLOADER    lloader.c  397  load isr_local cost 0 (ms)
[2020/11/10 16:46:23 609][Pxc87][Tx837fe700][DBG] LENGINE    leng_shell 204  env=7000fb10,isr_local,local_build_837fd928837fd9301927ae5e5faa535f94148bd0
[2020/11/10 16:46:23 609][Pxc87][Tx837fe700][DBG] MSPTHREAD  MSPThreadP 734  POST l_engine_4:6:1:1
[2020/11/10 16:46:23 609][Pxc87][Tx837fe700][TRC] LENGINE    leng_shell 275  lEngine_Start() [out] 0
[2020/11/10 16:46:23 609][Pxc87][Tx83fff700][DBG] LENGINE    leng_main. 565  ENGINE_MSG_LOAD
[2020/11/10 16:46:23 609][Pxc87][Tx83fff700][DBG] LENGINE    leng_main. 209  lEngine_LoadEnv(9481a280,7000fb10) [in]
[2020/11/10 16:46:23 609][Pxc87][Tx837fe700][TRC] LENGINE    leng_shell 477  lEngine_RegisterCallBack(7000fb10,7000a7d8,94147530,837fd8d0,) [in]
[2020/11/10 16:46:23 609][Pxc87][Tx837fe700][DBG] MSPTHREAD  MSPThreadP 734  POST l_engine_4:8:1:0
[2020/11/10 16:46:23 609][Pxc87][Tx837fe700][TRC] LENGINE    leng_shell 514  lEngine_RegisterCallBack() [out] 0
[2020/11/10 16:46:23 609][Pxc87][Tx837fe700][TRC] LENGINE    leng_shell 380  lEngine_PostMessage(7000fb10,307,2,) [in]
[2020/11/10 16:46:23 609][Pxc87][Tx837fe700][WAR] LENGINE    leng_shell 390  msg send while not active
[2020/11/10 16:46:23 609][Pxc87][Tx837fe700][DBG] MSPTHREAD  MSPThreadP 734  POST l_engine_4:10:1:0
[2020/11/10 16:46:23 609][Pxc87][Tx837fe700][TRC] LENGINE    leng_shell 407  lEngine_PostMessage() [out] 0
[2020/11/10 16:46:23 609][Pxc87][Tx837fe700][TRC] LMOD       luac_logge 170  [grm_lex:254:ISR_MSG_BUILDGRAMMAR ret =  0  ]
[2020/11/10 16:46:23 609][Pxc87][Tx837fe700][DBG] LENGINE    leng_rpc.c 533  luacRPCFuncProto_Invoke() [out] ret = 0
[2020/11/10 16:46:23 610][Pxc87][Tx83fff700][INF] LLOADER    lloader.c  327  load ecode
[2020/11/10 16:46:23 610][Pxc87][Tx83fff700][INF] LLOADER    lloader.c  339  a intalled entry
[2020/11/10 16:46:23 610][Pxc87][Tx83fff700][INF] LLOADER    lloader.c  365  from rom
[2020/11/10 16:46:23 610][Pxc87][Tx83fff700][PRF] LLOADER    lloader.c  397  load ecode cost 0 (ms)
[2020/11/10 16:46:23 611][Pxc87][Tx83fff700][INF] LLOADER    lloader.c  327  load dkjson
[2020/11/10 16:46:23 611][Pxc87][Tx83fff700][INF] LLOADER    lloader.c  339  a intalled entry
[2020/11/10 16:46:23 611][Pxc87][Tx83fff700][INF] LLOADER    lloader.c  365  from rom
[2020/11/10 16:46:23 611][Pxc87][Tx83fff700][PRF] LLOADER    lloader.c  397  load dkjson cost 0 (ms)
[2020/11/10 16:46:23 612][Pxc87][Tx83fff700][INF] LLOADER    lloader.c  327  load debug
[2020/11/10 16:46:23 612][Pxc87][Tx83fff700][ERR] LLOADER    lloader.c  390  not found!
[2020/11/10 16:46:23 612][Pxc87][Tx83fff700][INF] LLOADER    lloader.c  327  load auth
[2020/11/10 16:46:23 612][Pxc87][Tx83fff700][INF] LLOADER    lloader.c  339  a intalled entry
[2020/11/10 16:46:23 612][Pxc87][Tx83fff700][INF] LLOADER    lloader.c  365  from rom
[2020/11/10 16:46:23 612][Pxc87][Tx83fff700][PRF] LLOADER    lloader.c  397  load auth cost 0 (ms)
[2020/11/10 16:46:23 613][Pxc87][Tx83fff700][TRC] LENGINE    luac_auth. 106  luac_loadluacAuth enter
[2020/11/10 16:46:23 613][Pxc87][Tx83fff700][TRC] LENGINE    luac_auth. 91   luac_openluacAuth enter
[2020/11/10 16:46:23 613][Pxc87][Tx83fff700][TRC] LENGINE    luac_auth. 99   luac_openluacAuth leave
[2020/11/10 16:46:23 613][Pxc87][Tx83fff700][TRC] LENGINE    luac_auth. 109  luac_loadluacAuth leave
[2020/11/10 16:46:23 613][Pxc87][Tx83fff700][INF] LLOADER    lloader.c  327  load config
[2020/11/10 16:46:23 613][Pxc87][Tx83fff700][INF] LLOADER    lloader.c  339  a intalled entry
[2020/11/10 16:46:23 613][Pxc87][Tx83fff700][INF] LLOADER    lloader.c  365  from rom
[2020/11/10 16:46:23 613][Pxc87][Tx83fff700][PRF] LLOADER    lloader.c  397  load config cost 0 (ms)
[2020/11/10 16:46:23 614][Pxc87][Tx83fff700][INF] LMOD       luac_logge 172  [config:43:use general cloud  ]
[2020/11/10 16:46:23 614][Pxc87][Tx83fff700][INF] LLOADER    lloader.c  327  load update
[2020/11/10 16:46:23 614][Pxc87][Tx83fff700][INF] LLOADER    lloader.c  339  a intalled entry
[2020/11/10 16:46:23 614][Pxc87][Tx83fff700][INF] LLOADER    lloader.c  365  from rom
[2020/11/10 16:46:23 614][Pxc87][Tx83fff700][PRF] LLOADER    lloader.c  397  load update cost 1 (ms)
[2020/11/10 16:46:23 614][Pxc87][Tx83fff700][INF] LLOADER    lloader.c  327  load transport
[2020/11/10 16:46:23 614][Pxc87][Tx83fff700][INF] LLOADER    lloader.c  339  a intalled entry
[2020/11/10 16:46:23 614][Pxc87][Tx83fff700][INF] LLOADER    lloader.c  365  from rom
[2020/11/10 16:46:23 614][Pxc87][Tx83fff700][PRF] LLOADER    lloader.c  397  load transport cost 0 (ms)
[2020/11/10 16:46:23 616][Pxc87][Tx83fff700][INF] LLOADER    lloader.c  327  load ns
[2020/11/10 16:46:23 616][Pxc87][Tx83fff700][INF] LLOADER    lloader.c  339  a intalled entry
[2020/11/10 16:46:23 616][Pxc87][Tx83fff700][INF] LLOADER    lloader.c  365  from rom
[2020/11/10 16:46:23 616][Pxc87][Tx83fff700][PRF] LLOADER    lloader.c  397  load ns cost 0 (ms)
[2020/11/10 16:46:23 617][Pxc87][Tx83fff700][INF] LLOADER    lloader.c  327  load network
[2020/11/10 16:46:23 617][Pxc87][Tx83fff700][INF] LLOADER    lloader.c  339  a intalled entry
[2020/11/10 16:46:23 617][Pxc87][Tx83fff700][INF] LLOADER    lloader.c  365  from rom
[2020/11/10 16:46:23 617][Pxc87][Tx83fff700][PRF] LLOADER    lloader.c  397  load network cost 0 (ms)
[2020/11/10 16:46:23 619][Pxc87][Tx83fff700][TRC] LENGINE    luac_auth. 118  luac_auth_new enter
[2020/11/10 16:46:23 619][Pxc87][Tx83fff700][TRC] LENGINE    luac_auth. 126  luac_auth_new leave
[2020/11/10 16:46:23 619][Pxc87][Tx83fff700][DBG] LENGINE    leng_main. 263  precall return 0
[2020/11/10 16:46:23 619][Pxc87][Tx83fff700][DBG] LENGINE    leng_main. 288  [local_build_837fd928837fd9301927ae5e5faa535f94148bd0], ACTIVE
[2020/11/10 16:46:23 619][Pxc87][Tx83fff700][DBG] LENGINE    leng_rpc.c 416  luacRPCFuncProto_Invoke(78040c10,7000fb10) [in]
[2020/11/10 16:46:23 619][Pxc87][Tx83fff700][TRC] LMOD       luac_logge 170  [isr_local:2211:os_type is:  Linux  ]
[2020/11/10 16:46:23 620][Pxc87][Tx83fff700][TRC] LMOD       luac_logge 170  [isr_local:2220:SYS_MSG_LOAD_LOCAL  ]
[2020/11/10 16:46:23 620][Pxc87][Tx83fff700][DBG] LENGINE    leng_rpc.c 533  luacRPCFuncProto_Invoke() [out] ret = 0
[2020/11/10 16:46:23 620][Pxc87][Tx83fff700][DBG] LENGINE    leng_main. 312  [local_build_837fd928837fd9301927ae5e5faa535f94148bd0], loaded
[2020/11/10 16:46:23 620][Pxc87][Tx83fff700][DBG] LENGINE    leng_rpc.c 416  luacRPCFuncProto_Invoke(78040c10,7000fb10) [in]
[2020/11/10 16:46:23 620][Pxc87][Tx83fff700][TRC] LMOD       luac_logge 170  [isr_local:2249:SYS_MSG_REGCB_LOCAL| param0 =  msp_status_cb  ]
[2020/11/10 16:46:23 620][Pxc87][Tx83fff700][DBG] LENGINE    leng_rpc.c 533  luacRPCFuncProto_Invoke() [out] ret = 0
[2020/11/10 16:46:23 620][Pxc87][Tx83fff700][DBG] LENGINE    leng_main. 345  lEngine_LoadEnv() [out] successfully
[2020/11/10 16:46:23 620][Pxc87][Tx83fff700][DBG] LENGINE    leng_main. 571  local_build_837fd928837fd9301927ae5e5faa535f94148bd0, eng = l_engine_4, env = 7000fb10, L = 7000fc80
[2020/11/10 16:46:23 620][Pxc87][Tx83fff700][INF] LENGINE    leng_main. 572  l_engine_4 occupancy: 1 (33%)
[2020/11/10 16:46:23 620][Pxc87][Tx83fff700][DBG] LENGINE    leng_main. 690  ENGINE_MSG_REGCB
[2020/11/10 16:46:23 620][Pxc87][Tx83fff700][DBG] LENGINE    leng_main. 715  local_build_837fd928837fd9301927ae5e5faa535f94148bd0 (build_grm_cb)
[2020/11/10 16:46:23 620][Pxc87][Tx83fff700][DBG] LENGINE    leng_rpc.c 416  luacRPCFuncProto_Invoke(78040c10,7000fb10) [in]
[2020/11/10 16:46:23 620][Pxc87][Tx83fff700][TRC] LMOD       luac_logge 170  [isr_local:2249:SYS_MSG_REGCB_LOCAL| param0 =  build_grm_cb  ]
[2020/11/10 16:46:23 620][Pxc87][Tx83fff700][DBG] LENGINE    leng_rpc.c 533  luacRPCFuncProto_Invoke() [out] ret = 0
[2020/11/10 16:46:23 620][Pxc87][Tx83fff700][DBG] LENGINE    leng_main. 517  ENGINE_MSG_RPC_ASYNC
[2020/11/10 16:46:23 620][Pxc87][Tx83fff700][DBG] LENGINE    leng_main. 525  [local_build_837fd928837fd9301927ae5e5faa535f94148bd0], stat = 1
[2020/11/10 16:46:23 620][Pxc87][Tx83fff700][DBG] LENGINE    leng_rpc.c 416  luacRPCFuncProto_Invoke(70013da0,7000fb10) [in]
[2020/11/10 16:46:23 620][Pxc87][Tx83fff700][TRC] LMOD       luac_logge 170  [isr_local:2262:ASR_LOCAL_MSG_BUILD_GRM  ]
[2020/11/10 16:46:23 620][Pxc87][Tx83fff700][TRC] LMOD       luac_logge 170  [isr_local:1903:grm_init | params:  engine_type = local, 		asr_res_path = fo|res/asr/common.jet, sample_rate = 16000, 		grm_build_path = res/asr/GrmBuilld,   ]
[2020/11/10 16:46:23 620][Pxc87][Tx83fff700][TRC] LMOD       luac_logge 170  [isr_local:805:engine_type  :  local  ]
[2020/11/10 16:46:23 620][Pxc87][Tx83fff700][TRC] LMOD       luac_logge 170  [isr_local:805:asr_res_path  :  fo|res/asr/common.jet  ]
[2020/11/10 16:46:23 620][Pxc87][Tx83fff700][TRC] LMOD       luac_logge 170  [isr_local:805:sample_rate  :  16000  ]
[2020/11/10 16:46:23 620][Pxc87][Tx83fff700][TRC] LMOD       luac_logge 170  [isr_local:805:grm_build_path  :  res/asr/GrmBuilld  ]
[2020/11/10 16:46:23 620][Pxc87][Tx83fff700][TRC] LENGINE    aitalk.c   660  Grm_New(78043c88, 2, 78040c38, 83ffe90c) [in]
[2020/11/10 16:46:23 620][Pxc87][Tx83fff700][TRC] LENGINE    aitalk.c   684  temp path is res/asr/GrmBuilld/temp/
[2020/11/10 16:46:23 621][Pxc87][Tx83fff700][DBG] MSPTHREAD  MSPThreadP 734  POST grmWorker_build:1:1:0
[2020/11/10 16:46:23 621][Pxc87][Tx827fc700][DBG] MSPTHREAD  MSPThreadP 826  grmWorker_build IDLE
[2020/11/10 16:46:23 621][Pxc87][Tx827fc700][DBG] MSPTHREAD  MSPThreadP 868  grmWorker_build RUN <grmWorker_build>
[2020/11/10 16:46:23 621][Pxc87][Tx83fff700][TRC] LENGINE    aitalk.c   732  Grm_New(78043d40, 0) [out]
[2020/11/10 16:46:23 621][Pxc87][Tx83fff700][TRC] LMOD       luac_logge 170  [isr_local:1002:file count =   1  ]
[2020/11/10 16:46:23 621][Pxc87][Tx83fff700][TRC] LMOD       luac_logge 170  [isr_local:925:file open type is:   fo  ]
[2020/11/10 16:46:23 621][Pxc87][Tx83fff700][TRC] LMOD       luac_logge 170  [isr_local:958:res/asr/common.jet  0  0  ]
[2020/11/10 16:46:23 621][Pxc87][Tx83fff700][TRC] LMOD       luac_logge 170  [isr_local:1020:speech_plus_setting  0  ]
[2020/11/10 16:46:23 621][Pxc87][Tx83fff700][TRC] LMOD       luac_logge 170  [isr_local:1033:2  nil  res/asr/common.jet  0  0  ]
[2020/11/10 16:46:23 621][Pxc87][Tx83fff700][TRC] LENGINE    aitalk.c   115  Esr_ResCheck(2, 83ffe860) [in]
[2020/11/10 16:46:23 621][Pxc87][Tx83fff700][TRC] LENGINE    aitalk.c   116  Esr_ResCheck(2, 78045828, 0, 0) [in]
[2020/11/10 16:46:23 621][Pxc87][Tx83fff700][TRC] LENGINE    aitalk.c   192  Esr_ResCheck( 0) [out]
[2020/11/10 16:46:23 621][Pxc87][Tx83fff700][TRC] LMOD       luac_logge 170  [isr_local:1035:res_ver  2  ]
[2020/11/10 16:46:23 621][Pxc87][Tx83fff700][TRC] LMOD       luac_logge 170  [isr_local:1036:res 5  1588b58c612039ea6e8edbc3bc759fa3  ]
[2020/11/10 16:46:23 621][Pxc87][Tx83fff700][TRC] LMOD       luac_logge 170  [isr_local:1037:res_new_old_mark  v5pp  ]
[2020/11/10 16:46:23 621][Pxc87][Tx83fff700][TRC] LMOD       luac_logge 170  [isr_local:1038:res_usr_name  ""  ]
[2020/11/10 16:46:23 621][Pxc87][Tx83fff700][TRC] LMOD       luac_logge 170  [isr_local:1039:res_expires  1611131279  ]
[2020/11/10 16:46:23 621][Pxc87][Tx83fff700][TRC] LMOD       luac_logge 170  [isr_local:1040:err  0  ]
[2020/11/10 16:46:23 622][Pxc87][Tx83fff700][ERR] LMOD       luac_logge 166  [isr_local:1058:lgi appid and res appid does not match  ]
[2020/11/10 16:46:23 622][Pxc87][Tx83fff700][TRC] LMOD       luac_logge 170  [isr_local:1008:parse respath substr error! :  11210  ]
[2020/11/10 16:46:23 622][Pxc87][Tx83fff700][ERR] LMOD       luac_logge 166  [isr_local:1888:parse_respath error! :  nil  ]
[2020/11/10 16:46:23 622][Pxc87][Tx83fff700][ERR] LMOD       luac_logge 166  [isr_local:1951:grm_init | create grm failed!  ]
[2020/11/10 16:46:23 622][Pxc87][Tx83fff700][TRC] LENGINE    aitalk.c   792  Grm_Destroy(78043d40) [in]
[2020/11/10 16:46:23 622][Pxc87][Tx83fff700][DBG] MSPTHREAD  MSPThreadP 734  POST grmWorker_build:11:1:1
[2020/11/10 16:46:23 622][Pxc87][Tx83fff700][DBG] MSPTHREAD  MSPThreadP 734  POST grmWorker_build:2:1:0
[2020/11/10 16:46:23 622][Pxc87][Tx827fc700][TRC] LENGINE    aitalk.c   2168 AITALK GRM_WORKER EXIT
[2020/11/10 16:46:23 622][Pxc87][Tx827fc700][DBG] MSPTHREAD  MSPThreadP 872  grmWorker_build END <grmWorker_build>
[2020/11/10 16:46:23 622][Pxc87][Tx827fc700][DBG] MSPTHREAD  MSPThreadP 895  grmWorker_build IDLE
[2020/11/10 16:46:23 622][Pxc87][Tx83fff700][TRC] LENGINE    aitalk.c   817  Grm_Destroy(78043d40, 0) [out]
[2020/11/10 16:46:23 622][Pxc87][Tx83fff700][TRC] LMOD       luac_logge 170  [isr_local:1644:proc_retcode_grm | errorcode =  11210  ]
[2020/11/10 16:46:23 622][Pxc87][Tx83fff700][TRC] LMOD       luac_logge 170  [isr_local:1636:onGrmLocalServiceCb  11210  nil  ]
[2020/11/10 16:46:23 622][Pxc87][Tx83fff700][DBG] MSPTHREAD  MSPThreadP 734  POST l_engine_5:10:1:1
[2020/11/10 16:46:23 622][Pxc87][Tx83fff700][PRF] LENGINE    leng_main. 189  callc(build_grm_cb) cost 0 ms
[2020/11/10 16:46:23 622][Pxc87][Tx83fff700][TRC] LENGINE    leng_shell 545  lEngine_Exit(7000fb10) [in]
[2020/11/10 16:46:23 622][Pxc87][Tx83fff700][DBG] LENGINE    leng_shell 549  [local_build_837fd928837fd9301927ae5e5faa535f94148bd0] dying...
[2020/11/10 16:46:23 622][Pxc87][Tx83fff700][DBG] MSPTHREAD  MSPThreadP 734  POST l_engine_4:9:1:0
[2020/11/10 16:46:23 622][Pxc87][Tx83fff700][TRC] LENGINE    leng_shell 582  lEngine_Exit() [out] 0
[2020/11/10 16:46:23 622][Pxc87][Tx83fff700][DBG] LENGINE    leng_rpc.c 533  luacRPCFuncProto_Invoke() [out] ret = 0
[2020/11/10 16:46:23 622][Pxc87][Tx83fff700][DBG] LENGINE    leng_main. 651  ENGINE_MSG_STOP
[2020/11/10 16:46:23 622][Pxc87][Tx83fff700][DBG] LENGINE    leng_main. 671  [local_build_837fd928837fd9301927ae5e5faa535f94148bd0] bg, unload directly!
[2020/11/10 16:46:23 622][Pxc87][Tx83fff700][INF] LENGINE    leng_main. 676  l_engine_4 occupancy: 0 (0%)
[2020/11/10 16:46:23 622][Pxc87][Tx837fe700][DBG] LENGINE    leng_main. 517  ENGINE_MSG_RPC_ASYNC
[2020/11/10 16:46:23 622][Pxc87][Tx837fe700][DBG] LENGINE    leng_main. 525  [local_grm], stat = 1
[2020/11/10 16:46:23 623][Pxc87][Tx837fe700][DBG] LENGINE    leng_rpc.c 416  luacRPCFuncProto_Invoke(78043d80,2135320) [in]
[2020/11/10 16:46:23 623][Pxc87][Tx837fe700][TRC] LMOD       luac_logge 170  [grm_lex:71:11210  nil  ]
[2020/11/10 16:46:23 623][Pxc87][Tx837fe700][TRC] QISR       qisr.c     864  grmMessageCallBackC| enter
[2020/11/10 16:46:23 623][Pxc87][Tx837fe700][TRC] QISR       qisr.c     895  grmMessageCallBackC| leave
[2020/11/10 16:46:23 623][Pxc87][Tx837fe700][PRF] LENGINE    leng_main. 189  callc(grmMessageCallBackC) cost 0 ms
[2020/11/10 16:46:23 623][Pxc87][Tx837fe700][TRC] LENGINE    leng_shell 545  lEngine_Exit(2135320) [in]
[2020/11/10 16:46:23 623][Pxc87][Tx837fe700][DBG] LENGINE    leng_shell 549  [local_grm] dying...
[2020/11/10 16:46:23 623][Pxc87][Tx837fe700][DBG] MSPTHREAD  MSPThreadP 734  POST l_engine_5:9:1:0
[2020/11/10 16:46:23 623][Pxc87][Tx837fe700][TRC] LENGINE    leng_shell 582  lEngine_Exit() [out] 0
[2020/11/10 16:46:23 623][Pxc87][Tx837fe700][DBG] LENGINE    leng_rpc.c 533  luacRPCFuncProto_Invoke() [out] ret = 0
[2020/11/10 16:46:23 623][Pxc87][Tx837fe700][DBG] LENGINE    leng_main. 651  ENGINE_MSG_STOP
[2020/11/10 16:46:23 623][Pxc87][Tx837fe700][DBG] LENGINE    leng_main. 671  [local_grm] bg, unload directly!
[2020/11/10 16:46:23 623][Pxc87][Tx837fe700][INF] LENGINE    leng_main. 676  l_engine_5 occupancy: 0 (0%)
[2020/11/10 16:46:23 907][Pxc87][Tx949f2b80][TRC] MSPCMN     msp_cmn.c  1554 MSPLogout() [in]
[2020/11/10 16:46:23 907][Pxc87][Tx949f2b80][DBG] MSPTHREAD  MSPThreadP 734  POST l_engine_1:5:1:1
[2020/11/10 16:46:23 907][Pxc87][Tx949f2b80][DBG] MSPTHREAD  MSPThreadP 734  POST l_engine_1:2:1:0
[2020/11/10 16:46:23 907][Pxc87][Tx91cc1700][DBG] LENGINE    leng_main. 750  ENGINE_MSG_EXIT
[2020/11/10 16:46:23 907][Pxc87][Tx91cc1700][DBG] MSPTHREAD  MSPThreadP 872  l_engine_1 END <l_engine_1>
[2020/11/10 16:46:23 907][Pxc87][Tx91cc1700][DBG] MSPTHREAD  MSPThreadP 895  l_engine_1 IDLE
[2020/11/10 16:46:23 907][Pxc87][Tx949f2b80][DBG] MSPTHREAD  MSPThreadP 734  POST l_engine_2:5:1:1
[2020/11/10 16:46:23 907][Pxc87][Tx949f2b80][DBG] MSPTHREAD  MSPThreadP 734  POST l_engine_2:2:1:0
[2020/11/10 16:46:23 907][Pxc87][Tx914c0700][DBG] LENGINE    leng_main. 750  ENGINE_MSG_EXIT
[2020/11/10 16:46:23 907][Pxc87][Tx914c0700][DBG] MSPTHREAD  MSPThreadP 872  l_engine_2 END <l_engine_2>
[2020/11/10 16:46:23 907][Pxc87][Tx914c0700][DBG] MSPTHREAD  MSPThreadP 895  l_engine_2 IDLE
[2020/11/10 16:46:23 907][Pxc87][Tx949f2b80][DBG] MSPTHREAD  MSPThreadP 734  POST l_engine_3:5:1:1
[2020/11/10 16:46:23 907][Pxc87][Tx949f2b80][DBG] MSPTHREAD  MSPThreadP 734  POST l_engine_3:2:1:0
[2020/11/10 16:46:23 908][Pxc87][Tx90cbf700][DBG] LENGINE    leng_main. 750  ENGINE_MSG_EXIT
[2020/11/10 16:46:23 908][Pxc87][Tx90cbf700][DBG] MSPTHREAD  MSPThreadP 872  l_engine_3 END <l_engine_3>
[2020/11/10 16:46:23 908][Pxc87][Tx90cbf700][DBG] MSPTHREAD  MSPThreadP 895  l_engine_3 IDLE
[2020/11/10 16:46:23 908][Pxc87][Tx949f2b80][DBG] MSPTHREAD  MSPThreadP 734  POST l_engine_4:5:1:1
[2020/11/10 16:46:23 908][Pxc87][Tx949f2b80][DBG] MSPTHREAD  MSPThreadP 734  POST l_engine_4:2:1:0
[2020/11/10 16:46:23 908][Pxc87][Tx83fff700][DBG] LENGINE    leng_main. 750  ENGINE_MSG_EXIT
[2020/11/10 16:46:23 908][Pxc87][Tx83fff700][DBG] MSPTHREAD  MSPThreadP 872  l_engine_4 END <l_engine_4>
[2020/11/10 16:46:23 908][Pxc87][Tx83fff700][DBG] MSPTHREAD  MSPThreadP 895  l_engine_4 IDLE
[2020/11/10 16:46:23 908][Pxc87][Tx949f2b80][DBG] MSPTHREAD  MSPThreadP 734  POST l_engine_5:5:1:1
[2020/11/10 16:46:23 908][Pxc87][Tx949f2b80][DBG] MSPTHREAD  MSPThreadP 734  POST l_engine_5:2:1:0
[2020/11/10 16:46:23 908][Pxc87][Tx837fe700][DBG] LENGINE    leng_main. 750  ENGINE_MSG_EXIT
[2020/11/10 16:46:23 908][Pxc87][Tx837fe700][DBG] MSPTHREAD  MSPThreadP 872  l_engine_5 END <l_engine_5>
[2020/11/10 16:46:23 908][Pxc87][Tx837fe700][DBG] MSPTHREAD  MSPThreadP 895  l_engine_5 IDLE
[2020/11/10 16:46:23 908][Pxc87][Tx949f2b80][DBG] MSPTHREAD  MSPThreadP 734  POST l_engine_6:5:1:1
[2020/11/10 16:46:23 908][Pxc87][Tx949f2b80][DBG] MSPTHREAD  MSPThreadP 734  POST l_engine_6:2:1:0
[2020/11/10 16:46:23 909][Pxc87][Tx82ffd700][DBG] LENGINE    leng_main. 750  ENGINE_MSG_EXIT
[2020/11/10 16:46:23 909][Pxc87][Tx82ffd700][DBG] LENGINE    leng_main. 781  [lgi_] bg, stat = 1
[2020/11/10 16:46:23 909][Pxc87][Tx82ffd700][DBG] LENGINE    leng_rpc.c 416  luacRPCFuncProto_Invoke(74048ea0,212a8a0) [in]
[2020/11/10 16:46:23 909][Pxc87][Tx82ffd700][TRC] LMOD       luac_logge 170  [lgi:697:SYS_MSG_SHUTDOWN  ]
[2020/11/10 16:46:23 909][Pxc87][Tx82ffd700][DBG] LENGINE    leng_rpc.c 533  luacRPCFuncProto_Invoke() [out] ret = 0
[2020/11/10 16:46:23 909][Pxc87][Tx82ffd700][DBG] MSPTHREAD  MSPThreadP 872  l_engine_6 END <l_engine_6>
[2020/11/10 16:46:23 909][Pxc87][Tx82ffd700][DBG] MSPTHREAD  MSPThreadP 895  l_engine_6 IDLE
[2020/11/10 16:46:23 909][Pxc87][Tx949f2b80][TRC] LUAC_CLEAN luac_clean 205  luacCleaner_Stop() [in]
[2020/11/10 16:46:23 909][Pxc87][Tx949f2b80][TRC] LUAC_CLEAN luac_clean 248  luacCleaner_Stop() [out] 0
[2020/11/10 16:46:23 910][Pxc87][Tx949f2b80][DBG] MSPTHREAD  MSPThreadP 734  POST socket_main_0:10:1:1
[2020/11/10 16:46:23 910][Pxc87][Tx949f2b80][DBG] MSPTHREAD  MSPThreadP 734  POST socket_main_0:2:1:0
[2020/11/10 16:46:23 910][Pxc87][Tx92cc3700][TRC] MSPSOCKET  MSPSocket. 1191 EXIT MSG
[2020/11/10 16:46:23 910][Pxc87][Tx92cc3700][DBG] MSPTHREAD  MSPThreadP 872  socket_main_0 END <socket_main_0>
[2020/11/10 16:46:23 910][Pxc87][Tx92cc3700][DBG] MSPTHREAD  MSPThreadP 895  socket_main_0 IDLE
[2020/11/10 16:46:23 910][Pxc87][Tx949f2b80][DBG] MSPTHREAD  MSPThreadP 734  POST grmWorker_build:3:1:1
[2020/11/10 16:46:23 910][Pxc87][Tx827fc700][DBG] MSPTHREAD  MSPThreadP 851  grmWorker_build DEAD
[2020/11/10 16:46:23 910][Pxc87][Tx949f2b80][DBG] MSPTHREAD  MSPThreadP 734  POST l_engine_1:3:1:1
[2020/11/10 16:46:23 910][Pxc87][Tx91cc1700][DBG] MSPTHREAD  MSPThreadP 851  l_engine_1 DEAD
[2020/11/10 16:46:23 910][Pxc87][Tx949f2b80][DBG] MSPTHREAD  MSPThreadP 734  POST l_engine_2:3:1:1
[2020/11/10 16:46:23 911][Pxc87][Tx914c0700][DBG] MSPTHREAD  MSPThreadP 851  l_engine_2 DEAD
[2020/11/10 16:46:23 911][Pxc87][Tx949f2b80][DBG] MSPTHREAD  MSPThreadP 734  POST l_engine_3:3:1:1
[2020/11/10 16:46:23 911][Pxc87][Tx90cbf700][DBG] MSPTHREAD  MSPThreadP 851  l_engine_3 DEAD
[2020/11/10 16:46:23 911][Pxc87][Tx949f2b80][DBG] MSPTHREAD  MSPThreadP 734  POST l_engine_4:3:1:1
[2020/11/10 16:46:23 911][Pxc87][Tx83fff700][DBG] MSPTHREAD  MSPThreadP 851  l_engine_4 DEAD
[2020/11/10 16:46:23 911][Pxc87][Tx949f2b80][DBG] MSPTHREAD  MSPThreadP 734  POST l_engine_5:3:1:1
[2020/11/10 16:46:23 911][Pxc87][Tx837fe700][DBG] MSPTHREAD  MSPThreadP 851  l_engine_5 DEAD
[2020/11/10 16:46:23 911][Pxc87][Tx949f2b80][DBG] MSPTHREAD  MSPThreadP 734  POST l_engine_6:3:1:1
[2020/11/10 16:46:23 912][Pxc87][Tx82ffd700][DBG] MSPTHREAD  MSPThreadP 851  l_engine_6 DEAD
[2020/11/10 16:46:23 912][Pxc87][Tx949f2b80][DBG] MSPTHREAD  MSPThreadP 734  POST socket_main_0:3:1:1
[2020/11/10 16:46:23 912][Pxc87][Tx92cc3700][DBG] MSPTHREAD  MSPThreadP 851  socket_main_0 DEAD
============================================================
Time  2020/11/12 16:17:27 100 
============================================================
[2020/11/12 16:17:27 100][Pxc69][Txaccadb80][DBG] MSPTHREAD  MSPThreadP 734  POST socket_main_0:1:1:0
[2020/11/12 16:17:27 100][Pxc69][Txaaf7e700][DBG] MSPTHREAD  MSPThreadP 826  socket_main_0 IDLE
[2020/11/12 16:17:27 100][Pxc69][Txaaf7e700][DBG] MSPTHREAD  MSPThreadP 868  socket_main_0 RUN <socket_main_0>
[2020/11/12 16:17:27 100][Pxc69][Txaccadb80][DBG] MSPTHREAD  MSPThreadP 734  POST l_engine_1:1:1:0
[2020/11/12 16:17:27 100][Pxc69][Txa9f7c700][DBG] MSPTHREAD  MSPThreadP 826  l_engine_1 IDLE
[2020/11/12 16:17:27 100][Pxc69][Txa9f7c700][DBG] MSPTHREAD  MSPThreadP 868  l_engine_1 RUN <l_engine_1>
[2020/11/12 16:17:27 100][Pxc69][Txaccadb80][DBG] MSPTHREAD  MSPThreadP 734  POST l_engine_2:1:1:0
[2020/11/12 16:17:27 100][Pxc69][Txa977b700][DBG] MSPTHREAD  MSPThreadP 826  l_engine_2 IDLE
[2020/11/12 16:17:27 100][Pxc69][Txa977b700][DBG] MSPTHREAD  MSPThreadP 868  l_engine_2 RUN <l_engine_2>
[2020/11/12 16:17:27 101][Pxc69][Txa8f7a700][DBG] MSPTHREAD  MSPThreadP 826  l_engine_3 IDLE
[2020/11/12 16:17:27 101][Pxc69][Txaccadb80][DBG] MSPTHREAD  MSPThreadP 734  POST l_engine_3:1:1:0
[2020/11/12 16:17:27 101][Pxc69][Txa8f7a700][DBG] MSPTHREAD  MSPThreadP 868  l_engine_3 RUN <l_engine_3>
[2020/11/12 16:17:27 101][Pxc69][Txaccadb80][DBG] MSPTHREAD  MSPThreadP 734  POST l_engine_4:1:1:0
[2020/11/12 16:17:27 101][Pxc69][Tx9bfff700][DBG] MSPTHREAD  MSPThreadP 826  l_engine_4 IDLE
[2020/11/12 16:17:27 101][Pxc69][Tx9bfff700][DBG] MSPTHREAD  MSPThreadP 868  l_engine_4 RUN <l_engine_4>
[2020/11/12 16:17:27 101][Pxc69][Tx9b7fe700][DBG] MSPTHREAD  MSPThreadP 826  l_engine_5 IDLE
[2020/11/12 16:17:27 101][Pxc69][Txaccadb80][DBG] MSPTHREAD  MSPThreadP 734  POST l_engine_5:1:1:0
[2020/11/12 16:17:27 101][Pxc69][Tx9b7fe700][DBG] MSPTHREAD  MSPThreadP 868  l_engine_5 RUN <l_engine_5>
[2020/11/12 16:17:27 101][Pxc69][Txaccadb80][DBG] MSPTHREAD  MSPThreadP 734  POST l_engine_6:1:1:0
[2020/11/12 16:17:27 101][Pxc69][Tx9affd700][DBG] MSPTHREAD  MSPThreadP 826  l_engine_6 IDLE
[2020/11/12 16:17:27 101][Pxc69][Tx9affd700][DBG] MSPTHREAD  MSPThreadP 868  l_engine_6 RUN <l_engine_6>
[2020/11/12 16:17:27 101][Pxc69][Txaccadb80][TRC] MSPCMN     msp_cmn.c  1300 MSPLogin(0,0,401e3c) [in]
[2020/11/12 16:17:27 101][Pxc69][Txaccadb80][TRC] LENGINE    leng_shell 109  lEngine_Start(ac6450d2,e0359ef0,1, 0) [in]
[2020/11/12 16:17:27 101][Pxc69][Txaccadb80][INF] LLOADER    lloader.c  327  load lgi
[2020/11/12 16:17:27 101][Pxc69][Txaccadb80][INF] LLOADER    lloader.c  339  a intalled entry
[2020/11/12 16:17:27 101][Pxc69][Txaccadb80][INF] LLOADER    lloader.c  365  from rom
[2020/11/12 16:17:27 101][Pxc69][Txaccadb80][PRF] LLOADER    lloader.c  397  load lgi cost 0 (ms)
[2020/11/12 16:17:27 101][Pxc69][Txaccadb80][DBG] LENGINE    leng_shell 204  env=25fe8a0,lgi,lgi_
[2020/11/12 16:17:27 101][Pxc69][Txaccadb80][DBG] MSPTHREAD  MSPThreadP 734  POST l_engine_6:6:1:1
[2020/11/12 16:17:27 101][Pxc69][Txaccadb80][TRC] LENGINE    leng_shell 275  lEngine_Start() [out] 0
[2020/11/12 16:17:27 101][Pxc69][Txaccadb80][TRC] LENGINE    leng_shell 418  lEngine_SendMessage(25fe8a0,1,4,,,) [in]
[2020/11/12 16:17:27 101][Pxc69][Tx9affd700][DBG] LENGINE    leng_main. 565  ENGINE_MSG_LOAD
[2020/11/12 16:17:27 101][Pxc69][Txaccadb80][DBG] MSPTHREAD  MSPThreadP 734  POST l_engine_6:11:1:0
[2020/11/12 16:17:27 101][Pxc69][Tx9affd700][DBG] LENGINE    leng_main. 209  lEngine_LoadEnv(acad5300,25fe8a0) [in]
[2020/11/12 16:17:27 101][Pxc69][Tx9affd700][INF] LLOADER    lloader.c  327  load ecode
[2020/11/12 16:17:27 101][Pxc69][Tx9affd700][INF] LLOADER    lloader.c  339  a intalled entry
[2020/11/12 16:17:27 101][Pxc69][Tx9affd700][INF] LLOADER    lloader.c  365  from rom
[2020/11/12 16:17:27 101][Pxc69][Tx9affd700][PRF] LLOADER    lloader.c  397  load ecode cost 0 (ms)
[2020/11/12 16:17:27 102][Pxc69][Tx9affd700][INF] LLOADER    lloader.c  327  load config
[2020/11/12 16:17:27 102][Pxc69][Tx9affd700][INF] LLOADER    lloader.c  339  a intalled entry
[2020/11/12 16:17:27 102][Pxc69][Tx9affd700][INF] LLOADER    lloader.c  365  from rom
[2020/11/12 16:17:27 102][Pxc69][Tx9affd700][PRF] LLOADER    lloader.c  397  load config cost 0 (ms)
[2020/11/12 16:17:27 102][Pxc69][Tx9affd700][INF] LMOD       luac_logge 172  [config:43:use general cloud  ]
[2020/11/12 16:17:27 102][Pxc69][Tx9affd700][INF] LLOADER    lloader.c  327  load update
[2020/11/12 16:17:27 102][Pxc69][Tx9affd700][INF] LLOADER    lloader.c  339  a intalled entry
[2020/11/12 16:17:27 102][Pxc69][Tx9affd700][INF] LLOADER    lloader.c  365  from rom
[2020/11/12 16:17:27 102][Pxc69][Tx9affd700][PRF] LLOADER    lloader.c  397  load update cost 0 (ms)
[2020/11/12 16:17:27 102][Pxc69][Tx9affd700][INF] LLOADER    lloader.c  327  load transport
[2020/11/12 16:17:27 102][Pxc69][Tx9affd700][INF] LLOADER    lloader.c  339  a intalled entry
[2020/11/12 16:17:27 102][Pxc69][Tx9affd700][INF] LLOADER    lloader.c  365  from rom
[2020/11/12 16:17:27 102][Pxc69][Tx9affd700][PRF] LLOADER    lloader.c  397  load transport cost 0 (ms)
[2020/11/12 16:17:27 102][Pxc69][Tx9affd700][INF] LLOADER    lloader.c  327  load ns
[2020/11/12 16:17:27 102][Pxc69][Tx9affd700][INF] LLOADER    lloader.c  339  a intalled entry
[2020/11/12 16:17:27 102][Pxc69][Tx9affd700][INF] LLOADER    lloader.c  365  from rom
[2020/11/12 16:17:27 102][Pxc69][Tx9affd700][PRF] LLOADER    lloader.c  397  load ns cost 0 (ms)
[2020/11/12 16:17:27 102][Pxc69][Tx9affd700][INF] LLOADER    lloader.c  327  load network
[2020/11/12 16:17:27 102][Pxc69][Tx9affd700][INF] LLOADER    lloader.c  339  a intalled entry
[2020/11/12 16:17:27 102][Pxc69][Tx9affd700][INF] LLOADER    lloader.c  365  from rom
[2020/11/12 16:17:27 102][Pxc69][Tx9affd700][PRF] LLOADER    lloader.c  397  load network cost 0 (ms)
[2020/11/12 16:17:27 103][Pxc69][Tx9affd700][DBG] LENGINE    leng_main. 263  precall return 0
[2020/11/12 16:17:27 103][Pxc69][Tx9affd700][DBG] LENGINE    leng_main. 288  [lgi_], ACTIVE
[2020/11/12 16:17:27 103][Pxc69][Tx9affd700][DBG] LENGINE    leng_rpc.c 416  luacRPCFuncProto_Invoke(8c0490b0,25fe8a0) [in]
[2020/11/12 16:17:27 103][Pxc69][Tx9affd700][TRC] LMOD       luac_logge 170  [lgi:684:SYS_MSG_LOAD  ]
[2020/11/12 16:17:27 103][Pxc69][Tx9affd700][INF] LLOADER    lloader.c  327  load dkjson
[2020/11/12 16:17:27 103][Pxc69][Tx9affd700][INF] LLOADER    lloader.c  339  a intalled entry
[2020/11/12 16:17:27 103][Pxc69][Tx9affd700][INF] LLOADER    lloader.c  365  from rom
[2020/11/12 16:17:27 103][Pxc69][Tx9affd700][PRF] LLOADER    lloader.c  397  load dkjson cost 0 (ms)
[2020/11/12 16:17:27 103][Pxc69][Tx9affd700][INF] LLOADER    lloader.c  327  load debug
[2020/11/12 16:17:27 103][Pxc69][Tx9affd700][ERR] LLOADER    lloader.c  390  not found!
[2020/11/12 16:17:27 103][Pxc69][Tx9affd700][DBG] LENGINE    leng_rpc.c 533  luacRPCFuncProto_Invoke() [out] ret = 0
[2020/11/12 16:17:27 103][Pxc69][Tx9affd700][DBG] LENGINE    leng_main. 312  [lgi_], loaded
[2020/11/12 16:17:27 103][Pxc69][Tx9affd700][DBG] LENGINE    leng_rpc.c 416  luacRPCFuncProto_Invoke(8c0490b0,25fe8a0) [in]
[2020/11/12 16:17:27 103][Pxc69][Tx9affd700][TRC] LMOD       luac_logge 170  [lgi:706:SYS_MSG_REGCB  msp_status_cb  func(8c013960) ]
[2020/11/12 16:17:27 103][Pxc69][Tx9affd700][DBG] LENGINE    leng_rpc.c 533  luacRPCFuncProto_Invoke() [out] ret = 0
[2020/11/12 16:17:27 103][Pxc69][Tx9affd700][DBG] LENGINE    leng_main. 345  lEngine_LoadEnv() [out] successfully
[2020/11/12 16:17:27 103][Pxc69][Tx9affd700][DBG] LENGINE    leng_main. 571  lgi_, eng = l_engine_6, env = 25fe8a0, L = 25fe940
[2020/11/12 16:17:27 103][Pxc69][Tx9affd700][INF] LENGINE    leng_main. 572  l_engine_6 occupancy: 1 (33%)
[2020/11/12 16:17:27 103][Pxc69][Tx9affd700][DBG] LENGINE    leng_main. 539  ENGINE_MSG_RPC_SYNC
[2020/11/12 16:17:27 103][Pxc69][Tx9affd700][DBG] LENGINE    leng_main. 547  [lgi_], stat = 1
[2020/11/12 16:17:27 103][Pxc69][Tx9affd700][DBG] LENGINE    leng_rpc.c 416  luacRPCFuncProto_Invoke(26002f0,25fe8a0) [in]
[2020/11/12 16:17:27 103][Pxc69][Tx9affd700][TRC] LMOD       luac_logge 170  [lgi:298:LGI_MSG_INIT  ]
[2020/11/12 16:17:27 103][Pxc69][Tx9affd700][INF] LMOD       luac_logge 172  [lgi:305:lgi  lgi_  268436457  1573451739  ]
[2020/11/12 16:17:27 103][Pxc69][Tx9affd700][TRC] MSPCMN     msp_cmn.c  875  statusCbStub(,,param_num = 5)
[2020/11/12 16:17:27 103][Pxc69][Tx9affd700][PRF] LENGINE    leng_main. 189  callc(msp_status_cb) cost 0 ms
[2020/11/12 16:17:27 103][Pxc69][Tx9affd700][TRC] LMOD       luac_logge 170  [lgi:403:token:  nil  ]
[2020/11/12 16:17:27 103][Pxc69][Tx9affd700][INF] LMOD       luac_logge 172  [lgi:476:msc cver : 5.0.44.1288  ]
[2020/11/12 16:17:27 103][Pxc69][Tx9affd700][INF] LMOD       luac_logge 172  [lgi:519:ns_enable=  1  ]
[2020/11/12 16:17:27 103][Pxc69][Tx9affd700][INF] LMOD       luac_logge 172  [lgi:531:prot_ver=1  ]
[2020/11/12 16:17:27 103][Pxc69][Tx9affd700][INF] LMOD       luac_logge 172  [lgi:542:prot_type=tcp  ]
[2020/11/12 16:17:27 103][Pxc69][Tx9affd700][DBG] LENGINE    leng_rpc.c 533  luacRPCFuncProto_Invoke() [out] ret = 0
[2020/11/12 16:17:27 104][Pxc69][Txaccadb80][TRC] LENGINE    leng_shell 461  lEngine_SendMessage() [out] 0
[2020/11/12 16:17:27 104][Pxc69][Txaccadb80][TRC] LENGINE    leng_shell 310  lEngine_Stop(25fe8a0) [in]
[2020/11/12 16:17:27 104][Pxc69][Txaccadb80][DBG] MSPTHREAD  MSPThreadP 734  POST l_engine_6:7:1:1
[2020/11/12 16:17:27 104][Pxc69][Tx9affd700][DBG] LENGINE    leng_main. 586  ENGINE_MSG_UNLOAD
[2020/11/12 16:17:27 104][Pxc69][Tx9affd700][DBG] LENGINE    leng_rpc.c 416  luacRPCFuncProto_Invoke(8c0490b0,25fe8a0) [in]
[2020/11/12 16:17:27 104][Pxc69][Tx9affd700][TRC] LMOD       luac_logge 170  [lgi:693:SYS_MSG_UNLOAD  go bg!  ]
[2020/11/12 16:17:27 104][Pxc69][Tx9affd700][DBG] LENGINE    leng_rpc.c 533  luacRPCFuncProto_Invoke() [out] ret = 0
[2020/11/12 16:17:27 104][Pxc69][Tx9affd700][DBG] LENGINE    leng_main. 623  [lgi_] active, go bg!
[2020/11/12 16:17:27 104][Pxc69][Txaccadb80][TRC] LENGINE    leng_shell 369  lEngine_Stop() [out] 0
[2020/11/12 16:17:27 104][Pxc69][Txaccadb80][TRC] MSPCMN     msp_cmn.c  1483 MSPLogin() [out] 0
[2020/11/12 16:17:27 104][Pxc69][Txaccadb80][TRC] MSPCMN     msp_cmn.c  1554 MSPLogout() [in]
[2020/11/12 16:17:27 104][Pxc69][Txaccadb80][DBG] MSPTHREAD  MSPThreadP 734  POST l_engine_1:5:1:1
[2020/11/12 16:17:27 104][Pxc69][Txaccadb80][DBG] MSPTHREAD  MSPThreadP 734  POST l_engine_1:2:1:0
[2020/11/12 16:17:27 104][Pxc69][Txa9f7c700][DBG] LENGINE    leng_main. 750  ENGINE_MSG_EXIT
[2020/11/12 16:17:27 104][Pxc69][Txa9f7c700][DBG] MSPTHREAD  MSPThreadP 872  l_engine_1 END <l_engine_1>
[2020/11/12 16:17:27 104][Pxc69][Txa9f7c700][DBG] MSPTHREAD  MSPThreadP 895  l_engine_1 IDLE
[2020/11/12 16:17:27 104][Pxc69][Txaccadb80][DBG] MSPTHREAD  MSPThreadP 734  POST l_engine_2:5:1:1
[2020/11/12 16:17:27 104][Pxc69][Txaccadb80][DBG] MSPTHREAD  MSPThreadP 734  POST l_engine_2:2:1:0
[2020/11/12 16:17:27 104][Pxc69][Txa977b700][DBG] LENGINE    leng_main. 750  ENGINE_MSG_EXIT
[2020/11/12 16:17:27 104][Pxc69][Txa977b700][DBG] MSPTHREAD  MSPThreadP 872  l_engine_2 END <l_engine_2>
[2020/11/12 16:17:27 104][Pxc69][Txa977b700][DBG] MSPTHREAD  MSPThreadP 895  l_engine_2 IDLE
[2020/11/12 16:17:27 104][Pxc69][Txaccadb80][DBG] MSPTHREAD  MSPThreadP 734  POST l_engine_3:5:1:1
[2020/11/12 16:17:27 104][Pxc69][Txaccadb80][DBG] MSPTHREAD  MSPThreadP 734  POST l_engine_3:2:1:0
[2020/11/12 16:17:27 104][Pxc69][Txa8f7a700][DBG] LENGINE    leng_main. 750  ENGINE_MSG_EXIT
[2020/11/12 16:17:27 104][Pxc69][Txa8f7a700][DBG] MSPTHREAD  MSPThreadP 872  l_engine_3 END <l_engine_3>
[2020/11/12 16:17:27 104][Pxc69][Txa8f7a700][DBG] MSPTHREAD  MSPThreadP 895  l_engine_3 IDLE
[2020/11/12 16:17:27 104][Pxc69][Txaccadb80][DBG] MSPTHREAD  MSPThreadP 734  POST l_engine_4:5:1:1
[2020/11/12 16:17:27 104][Pxc69][Txaccadb80][DBG] MSPTHREAD  MSPThreadP 734  POST l_engine_4:2:1:0
[2020/11/12 16:17:27 104][Pxc69][Tx9bfff700][DBG] LENGINE    leng_main. 750  ENGINE_MSG_EXIT
[2020/11/12 16:17:27 104][Pxc69][Tx9bfff700][DBG] MSPTHREAD  MSPThreadP 872  l_engine_4 END <l_engine_4>
[2020/11/12 16:17:27 104][Pxc69][Tx9bfff700][DBG] MSPTHREAD  MSPThreadP 895  l_engine_4 IDLE
[2020/11/12 16:17:27 104][Pxc69][Txaccadb80][DBG] MSPTHREAD  MSPThreadP 734  POST l_engine_5:5:1:1
[2020/11/12 16:17:27 104][Pxc69][Txaccadb80][DBG] MSPTHREAD  MSPThreadP 734  POST l_engine_5:2:1:0
[2020/11/12 16:17:27 104][Pxc69][Tx9b7fe700][DBG] LENGINE    leng_main. 750  ENGINE_MSG_EXIT
[2020/11/12 16:17:27 104][Pxc69][Tx9b7fe700][DBG] MSPTHREAD  MSPThreadP 872  l_engine_5 END <l_engine_5>
[2020/11/12 16:17:27 104][Pxc69][Tx9b7fe700][DBG] MSPTHREAD  MSPThreadP 895  l_engine_5 IDLE
[2020/11/12 16:17:27 104][Pxc69][Txaccadb80][DBG] MSPTHREAD  MSPThreadP 734  POST l_engine_6:5:1:1
[2020/11/12 16:17:27 104][Pxc69][Txaccadb80][DBG] MSPTHREAD  MSPThreadP 734  POST l_engine_6:2:1:0
[2020/11/12 16:17:27 104][Pxc69][Tx9affd700][DBG] LENGINE    leng_main. 750  ENGINE_MSG_EXIT
[2020/11/12 16:17:27 104][Pxc69][Tx9affd700][DBG] LENGINE    leng_main. 781  [lgi_] bg, stat = 1
[2020/11/12 16:17:27 104][Pxc69][Tx9affd700][DBG] LENGINE    leng_rpc.c 416  luacRPCFuncProto_Invoke(8c0490b0,25fe8a0) [in]
[2020/11/12 16:17:27 104][Pxc69][Tx9affd700][TRC] LMOD       luac_logge 170  [lgi:697:SYS_MSG_SHUTDOWN  ]
[2020/11/12 16:17:27 104][Pxc69][Tx9affd700][DBG] LENGINE    leng_rpc.c 533  luacRPCFuncProto_Invoke() [out] ret = 0
[2020/11/12 16:17:27 104][Pxc69][Tx9affd700][DBG] MSPTHREAD  MSPThreadP 872  l_engine_6 END <l_engine_6>
[2020/11/12 16:17:27 104][Pxc69][Tx9affd700][DBG] MSPTHREAD  MSPThreadP 895  l_engine_6 IDLE
[2020/11/12 16:17:27 104][Pxc69][Txaccadb80][TRC] LUAC_CLEAN luac_clean 205  luacCleaner_Stop() [in]
[2020/11/12 16:17:27 104][Pxc69][Txaccadb80][TRC] LUAC_CLEAN luac_clean 248  luacCleaner_Stop() [out] 0
[2020/11/12 16:17:27 104][Pxc69][Txaccadb80][DBG] MSPTHREAD  MSPThreadP 734  POST socket_main_0:10:1:1
[2020/11/12 16:17:27 104][Pxc69][Txaccadb80][DBG] MSPTHREAD  MSPThreadP 734  POST socket_main_0:2:1:0
[2020/11/12 16:17:27 104][Pxc69][Txaaf7e700][TRC] MSPSOCKET  MSPSocket. 1191 EXIT MSG
[2020/11/12 16:17:27 104][Pxc69][Txaaf7e700][DBG] MSPTHREAD  MSPThreadP 872  socket_main_0 END <socket_main_0>
[2020/11/12 16:17:27 104][Pxc69][Txaaf7e700][DBG] MSPTHREAD  MSPThreadP 895  socket_main_0 IDLE
[2020/11/12 16:17:27 104][Pxc69][Txaccadb80][DBG] MSPTHREAD  MSPThreadP 734  POST l_engine_1:3:1:1
[2020/11/12 16:17:27 104][Pxc69][Txa9f7c700][DBG] MSPTHREAD  MSPThreadP 851  l_engine_1 DEAD
[2020/11/12 16:17:27 104][Pxc69][Txaccadb80][DBG] MSPTHREAD  MSPThreadP 734  POST l_engine_2:3:1:1
[2020/11/12 16:17:27 104][Pxc69][Txa977b700][DBG] MSPTHREAD  MSPThreadP 851  l_engine_2 DEAD
[2020/11/12 16:17:27 104][Pxc69][Txaccadb80][DBG] MSPTHREAD  MSPThreadP 734  POST l_engine_3:3:1:1
[2020/11/12 16:17:27 104][Pxc69][Txa8f7a700][DBG] MSPTHREAD  MSPThreadP 851  l_engine_3 DEAD
[2020/11/12 16:17:27 104][Pxc69][Txaccadb80][DBG] MSPTHREAD  MSPThreadP 734  POST l_engine_4:3:1:1
[2020/11/12 16:17:27 104][Pxc69][Tx9bfff700][DBG] MSPTHREAD  MSPThreadP 851  l_engine_4 DEAD
[2020/11/12 16:17:27 104][Pxc69][Txaccadb80][DBG] MSPTHREAD  MSPThreadP 734  POST l_engine_5:3:1:1
[2020/11/12 16:17:27 104][Pxc69][Tx9b7fe700][DBG] MSPTHREAD  MSPThreadP 851  l_engine_5 DEAD
[2020/11/12 16:17:27 104][Pxc69][Txaccadb80][DBG] MSPTHREAD  MSPThreadP 734  POST l_engine_6:3:1:1
[2020/11/12 16:17:27 104][Pxc69][Tx9affd700][DBG] MSPTHREAD  MSPThreadP 851  l_engine_6 DEAD
[2020/11/12 16:17:27 105][Pxc69][Txaccadb80][DBG] MSPTHREAD  MSPThreadP 734  POST socket_main_0:3:1:1
[2020/11/12 16:17:27 105][Pxc69][Txaaf7e700][DBG] MSPTHREAD  MSPThreadP 851  socket_main_0 DEAD
